nohup: ignoring input
2025-10-02 10:44:05.176387: I tensorflow/core/util/port.cc:153] oneDNN custom operations are on. You may see slightly different numerical results due to floating-point round-off errors from different computation orders. To turn them off, set the environment variable `TF_ENABLE_ONEDNN_OPTS=0`.
2025-10-02 10:44:05.181703: E external/local_xla/xla/stream_executor/cuda/cuda_fft.cc:477] Unable to register cuFFT factory: Attempting to register factory for plugin cuFFT when one has already been registered
WARNING: All log messages before absl::InitializeLog() is called are written to STDERR
E0000 00:00:1759419845.187569  554135 cuda_dnn.cc:8310] Unable to register cuDNN factory: Attempting to register factory for plugin cuDNN when one has already been registered
E0000 00:00:1759419845.189577  554135 cuda_blas.cc:1418] Unable to register cuBLAS factory: Attempting to register factory for plugin cuBLAS when one has already been registered
2025-10-02 10:44:05.196316: I tensorflow/core/platform/cpu_feature_guard.cc:210] This TensorFlow binary is optimized to use available CPU instructions in performance-critical operations.
To enable the following instructions: SSE4.1 SSE4.2 AVX AVX2 AVX512F AVX512_VNNI AVX512_BF16 AVX_VNNI FMA, in other operations, rebuild TensorFlow with the appropriate compiler flags.
Studies dir: /mnt/SOLARLAB/E_Ladino/Repo/irradiance-fusion-forecast/optuna_studies
Artifacts dir: /mnt/SOLARLAB/E_Ladino/Repo/irradiance-fusion-forecast/models/optuna_artifacts
Baseline → RMSE: 196.2835 | MAE: 102.1871
/mnt/SOLARLAB/E_Ladino/Repo/irradiance-fusion-forecast/Notebooks/05_ground_hpo_optuna_v1.py:123: FutureWarning: The import path :class:`~optuna.storages.JournalFileOpenLock` has been deprecated in v4.0.0. This feature will be removed in v6.0.0. See https://github.com/optuna/optuna/releases/tag/v4.0.0. Use :class:`~optuna.storages.journal.JournalFileOpenLock` instead.
  file_storage = JournalFileStorage(str(log_path), lock_obj=JournalFileOpenLock(str(lock_path)))
/mnt/SOLARLAB/E_Ladino/Repo/irradiance-fusion-forecast/Notebooks/05_ground_hpo_optuna_v1.py:123: FutureWarning: JournalFileStorage has been deprecated in v4.0.0. This feature will be removed in v6.0.0. See https://github.com/optuna/optuna/releases/tag/v4.0.0. Use :class:`~optuna.storages.journal.JournalFileBackend` instead.
  file_storage = JournalFileStorage(str(log_path), lock_obj=JournalFileOpenLock(str(lock_path)))
[I 2025-10-02 10:44:07,756] Using an existing study with name 'ground_trackA_mlp' instead of creating a new one.
Running Study A (MLP)…
  0%|          | 0/40 [00:00<?, ?it/s]I0000 00:00:1759419848.253674  554135 gpu_device.cc:2022] Created device /job:localhost/replica:0/task:0/device:GPU:0 with 22136 MB memory:  -> device: 0, name: NVIDIA GeForce RTX 4090, pci bus id: 0000:01:00.0, compute capability: 8.9
I0000 00:00:1759419848.961074  554275 service.cc:148] XLA service 0x7ce84c0074d0 initialized for platform CUDA (this does not guarantee that XLA will be used). Devices:
I0000 00:00:1759419848.961105  554275 service.cc:156]   StreamExecutor device (0): NVIDIA GeForce RTX 4090, Compute Capability 8.9
2025-10-02 10:44:08.972144: I tensorflow/compiler/mlir/tensorflow/utils/dump_mlir_util.cc:268] disabling MLIR crash reproducer, set env var `MLIR_CRASH_REPRODUCER_DIRECTORY` to enable.
I0000 00:00:1759419849.011758  554275 cuda_dnn.cc:529] Loaded cuDNN version 90101
I0000 00:00:1759419849.484719  554275 device_compiler.h:188] Compiled cluster using XLA!  This line is logged at most once for the lifetime of the process.
                                      [I 2025-10-02 10:44:19,971] Trial 360 finished with value: 129.64383300990448 and parameters: {'n1': 512, 'n2': 192, 'do1': 0.4658769124874174, 'do2': 0.3593063534955798, 'lr': 0.0021222154958958042, 'l2': 1.9288667959041323e-08, 'act': 'gelu', 'batch': 512, 'epochs': 103}. Best is trial 178 with value: 129.60320302513747.
  0%|          | 0/40 [00:12<?, ?it/s]Best trial: 178. Best value: 129.603:   0%|          | 0/40 [00:12<?, ?it/s]Best trial: 178. Best value: 129.603:   2%|▎         | 1/40 [00:12<07:56, 12.22s/it]                                                                                    [I 2025-10-02 10:44:32,574] Trial 361 finished with value: 129.881804742331 and parameters: {'n1': 512, 'n2': 256, 'do1': 0.4625351510829934, 'do2': 0.35611723195956607, 'lr': 0.0019914625980721424, 'l2': 1.6476523863018728e-08, 'act': 'gelu', 'batch': 512, 'epochs': 105}. Best is trial 178 with value: 129.60320302513747.
Best trial: 178. Best value: 129.603:   2%|▎         | 1/40 [00:24<07:56, 12.22s/it]Best trial: 178. Best value: 129.603:   2%|▎         | 1/40 [00:24<07:56, 12.22s/it]Best trial: 178. Best value: 129.603:   5%|▌         | 2/40 [00:24<07:52, 12.44s/it]                                                                                    [I 2025-10-02 10:44:46,029] Trial 362 finished with value: 129.72131336301294 and parameters: {'n1': 512, 'n2': 192, 'do1': 0.46702186264465123, 'do2': 0.3672329126044583, 'lr': 0.00219098808536263, 'l2': 2.277520734738737e-08, 'act': 'gelu', 'batch': 512, 'epochs': 106}. Best is trial 178 with value: 129.60320302513747.
Best trial: 178. Best value: 129.603:   5%|▌         | 2/40 [00:38<07:52, 12.44s/it]Best trial: 178. Best value: 129.603:   5%|▌         | 2/40 [00:38<07:52, 12.44s/it]Best trial: 178. Best value: 129.603:   8%|▊         | 3/40 [00:38<07:57, 12.90s/it]                                                                                    [I 2025-10-02 10:44:59,002] Trial 363 finished with value: 129.79142673198797 and parameters: {'n1': 512, 'n2': 192, 'do1': 0.4613012619360588, 'do2': 0.3642296385486223, 'lr': 0.002148504057034194, 'l2': 2.0255947487991033e-08, 'act': 'gelu', 'batch': 512, 'epochs': 102}. Best is trial 178 with value: 129.60320302513747.
Best trial: 178. Best value: 129.603:   8%|▊         | 3/40 [00:51<07:57, 12.90s/it]Best trial: 178. Best value: 129.603:   8%|▊         | 3/40 [00:51<07:57, 12.90s/it]Best trial: 178. Best value: 129.603:  10%|█         | 4/40 [00:51<07:45, 12.93s/it]                                                                                    [I 2025-10-02 10:45:10,555] Trial 364 finished with value: 129.95075689948865 and parameters: {'n1': 512, 'n2': 192, 'do1': 0.4590062049381199, 'do2': 0.36836027941042165, 'lr': 0.0022126704931607357, 'l2': 2.24740912398788e-08, 'act': 'gelu', 'batch': 512, 'epochs': 105}. Best is trial 178 with value: 129.60320302513747.
Best trial: 178. Best value: 129.603:  10%|█         | 4/40 [01:02<07:45, 12.93s/it]Best trial: 178. Best value: 129.603:  10%|█         | 4/40 [01:02<07:45, 12.93s/it]Best trial: 178. Best value: 129.603:  12%|█▎        | 5/40 [01:02<07:15, 12.43s/it]                                                                                    [I 2025-10-02 10:45:14,997] Trial 365 pruned. Trial was pruned at epoch 5.
Best trial: 178. Best value: 129.603:  12%|█▎        | 5/40 [01:07<07:15, 12.43s/it]Best trial: 178. Best value: 129.603:  12%|█▎        | 5/40 [01:07<07:15, 12.43s/it]Best trial: 178. Best value: 129.603:  15%|█▌        | 6/40 [01:07<05:30,  9.72s/it]                                                                                    [I 2025-10-02 10:45:20,352] Trial 366 pruned. Trial was pruned at epoch 5.
Best trial: 178. Best value: 129.603:  15%|█▌        | 6/40 [01:12<05:30,  9.72s/it]Best trial: 178. Best value: 129.603:  15%|█▌        | 6/40 [01:12<05:30,  9.72s/it]Best trial: 178. Best value: 129.603:  18%|█▊        | 7/40 [01:12<04:33,  8.29s/it]                                                                                    [I 2025-10-02 10:45:34,431] Trial 367 finished with value: 129.86842049022155 and parameters: {'n1': 512, 'n2': 192, 'do1': 0.4525054191239016, 'do2': 0.3594517613650541, 'lr': 0.0021546034072670176, 'l2': 1.1839406749092868e-08, 'act': 'gelu', 'batch': 512, 'epochs': 104}. Best is trial 178 with value: 129.60320302513747.
Best trial: 178. Best value: 129.603:  18%|█▊        | 7/40 [01:26<04:33,  8.29s/it]Best trial: 178. Best value: 129.603:  18%|█▊        | 7/40 [01:26<04:33,  8.29s/it]Best trial: 178. Best value: 129.603:  20%|██        | 8/40 [01:26<05:24, 10.13s/it]                                                                                    [I 2025-10-02 10:45:49,636] Trial 368 finished with value: 129.7218629173587 and parameters: {'n1': 512, 'n2': 192, 'do1': 0.4671292506636803, 'do2': 0.36229152741792475, 'lr': 0.0017282567974987294, 'l2': 1.7692715177766613e-08, 'act': 'gelu', 'batch': 512, 'epochs': 101}. Best is trial 178 with value: 129.60320302513747.
Best trial: 178. Best value: 129.603:  20%|██        | 8/40 [01:41<05:24, 10.13s/it]Best trial: 178. Best value: 129.603:  20%|██        | 8/40 [01:41<05:24, 10.13s/it]Best trial: 178. Best value: 129.603:  22%|██▎       | 9/40 [01:41<06:03, 11.72s/it]                                                                                    [I 2025-10-02 10:45:55,694] Trial 369 pruned. Trial was pruned at epoch 5.
Best trial: 178. Best value: 129.603:  22%|██▎       | 9/40 [01:47<06:03, 11.72s/it]Best trial: 178. Best value: 129.603:  22%|██▎       | 9/40 [01:47<06:03, 11.72s/it]Best trial: 178. Best value: 129.603:  25%|██▌       | 10/40 [01:47<04:59,  9.97s/it]                                                                                     [I 2025-10-02 10:45:59,743] Trial 370 pruned. Trial was pruned at epoch 5.
Best trial: 178. Best value: 129.603:  25%|██▌       | 10/40 [01:51<04:59,  9.97s/it]Best trial: 178. Best value: 129.603:  25%|██▌       | 10/40 [01:51<04:59,  9.97s/it]Best trial: 178. Best value: 129.603:  28%|██▊       | 11/40 [01:51<03:56,  8.16s/it]                                                                                     [I 2025-10-02 10:46:10,352] Trial 371 finished with value: 129.92011517900144 and parameters: {'n1': 512, 'n2': 192, 'do1': 0.45769436822529436, 'do2': 0.3806106341354508, 'lr': 0.0020203523724824325, 'l2': 1.3025112092229019e-08, 'act': 'gelu', 'batch': 512, 'epochs': 101}. Best is trial 178 with value: 129.60320302513747.
Best trial: 178. Best value: 129.603:  28%|██▊       | 11/40 [02:02<03:56,  8.16s/it]Best trial: 178. Best value: 129.603:  28%|██▊       | 11/40 [02:02<03:56,  8.16s/it]Best trial: 178. Best value: 129.603:  30%|███       | 12/40 [02:02<04:09,  8.90s/it]                                                                                     [I 2025-10-02 10:46:23,482] Trial 372 finished with value: 129.8298540999912 and parameters: {'n1': 512, 'n2': 192, 'do1': 0.4893257251091156, 'do2': 0.36001056211115845, 'lr': 0.0021208109427376465, 'l2': 1.6536826451437457e-08, 'act': 'gelu', 'batch': 512, 'epochs': 107}. Best is trial 178 with value: 129.60320302513747.
Best trial: 178. Best value: 129.603:  30%|███       | 12/40 [02:15<04:09,  8.90s/it]Best trial: 178. Best value: 129.603:  30%|███       | 12/40 [02:15<04:09,  8.90s/it]Best trial: 178. Best value: 129.603:  32%|███▎      | 13/40 [02:15<04:34, 10.18s/it]                                                                                     [I 2025-10-02 10:46:28,856] Trial 373 pruned. Trial was pruned at epoch 8.
Best trial: 178. Best value: 129.603:  32%|███▎      | 13/40 [02:21<04:34, 10.18s/it]Best trial: 178. Best value: 129.603:  32%|███▎      | 13/40 [02:21<04:34, 10.18s/it]Best trial: 178. Best value: 129.603:  35%|███▌      | 14/40 [02:21<03:47,  8.73s/it]2025-10-02 10:46:30.938789: I external/local_xla/xla/stream_executor/cuda/cuda_asm_compiler.cc:397] ptxas warning : Registers are spilled to local memory in function 'gemm_fusion_dot_48_0', 228 bytes spill stores, 228 bytes spill loads

2025-10-02 10:46:30.968767: I external/local_xla/xla/stream_executor/cuda/cuda_asm_compiler.cc:397] ptxas warning : Registers are spilled to local memory in function 'gemm_fusion_dot_48_0', 768 bytes spill stores, 720 bytes spill loads

2025-10-02 10:46:31.382707: I external/local_xla/xla/stream_executor/cuda/cuda_asm_compiler.cc:397] ptxas warning : Registers are spilled to local memory in function 'gemm_fusion_dot_48', 12 bytes spill stores, 12 bytes spill loads

2025-10-02 10:46:31.578537: I external/local_xla/xla/stream_executor/cuda/cuda_asm_compiler.cc:397] ptxas warning : Registers are spilled to local memory in function 'gemm_fusion_dot_48_0', 756 bytes spill stores, 444 bytes spill loads

                                                                                     [I 2025-10-02 10:46:33,429] Trial 374 pruned. Trial was pruned at epoch 5.
Best trial: 178. Best value: 129.603:  35%|███▌      | 14/40 [02:25<03:47,  8.73s/it]Best trial: 178. Best value: 129.603:  35%|███▌      | 14/40 [02:25<03:47,  8.73s/it]Best trial: 178. Best value: 129.603:  38%|███▊      | 15/40 [02:25<03:06,  7.48s/it]                                                                                     [I 2025-10-02 10:46:45,918] Trial 375 finished with value: 129.72873591411812 and parameters: {'n1': 512, 'n2': 192, 'do1': 0.4753222365159658, 'do2': 0.37639818456149343, 'lr': 0.001994392408903008, 'l2': 2.760673755788467e-08, 'act': 'gelu', 'batch': 512, 'epochs': 99}. Best is trial 178 with value: 129.60320302513747.
Best trial: 178. Best value: 129.603:  38%|███▊      | 15/40 [02:38<03:06,  7.48s/it]Best trial: 178. Best value: 129.603:  38%|███▊      | 15/40 [02:38<03:06,  7.48s/it]Best trial: 178. Best value: 129.603:  40%|████      | 16/40 [02:38<03:35,  8.99s/it]                                                                                     [I 2025-10-02 10:46:50,165] Trial 376 pruned. Trial was pruned at epoch 6.
Best trial: 178. Best value: 129.603:  40%|████      | 16/40 [02:42<03:35,  8.99s/it]Best trial: 178. Best value: 129.603:  40%|████      | 16/40 [02:42<03:35,  8.99s/it]Best trial: 178. Best value: 129.603:  42%|████▎     | 17/40 [02:42<02:53,  7.56s/it]                                                                                     [I 2025-10-02 10:46:57,942] Trial 377 pruned. Trial was pruned at epoch 7.
Best trial: 178. Best value: 129.603:  42%|████▎     | 17/40 [02:50<02:53,  7.56s/it]Best trial: 178. Best value: 129.603:  42%|████▎     | 17/40 [02:50<02:53,  7.56s/it]Best trial: 178. Best value: 129.603:  45%|████▌     | 18/40 [02:50<02:47,  7.63s/it]                                                                                     [I 2025-10-02 10:47:09,037] Trial 378 finished with value: 129.87453380570804 and parameters: {'n1': 512, 'n2': 192, 'do1': 0.48845613215985967, 'do2': 0.3947278780064787, 'lr': 0.001960254840027917, 'l2': 1.9552195158998025e-08, 'act': 'gelu', 'batch': 512, 'epochs': 101}. Best is trial 178 with value: 129.60320302513747.
Best trial: 178. Best value: 129.603:  45%|████▌     | 18/40 [03:01<02:47,  7.63s/it]Best trial: 178. Best value: 129.603:  45%|████▌     | 18/40 [03:01<02:47,  7.63s/it]Best trial: 178. Best value: 129.603:  48%|████▊     | 19/40 [03:01<03:02,  8.67s/it]                                                                                     [I 2025-10-02 10:47:15,376] Trial 379 pruned. Trial was pruned at epoch 6.
Best trial: 178. Best value: 129.603:  48%|████▊     | 19/40 [03:07<03:02,  8.67s/it]Best trial: 178. Best value: 129.603:  48%|████▊     | 19/40 [03:07<03:02,  8.67s/it]Best trial: 178. Best value: 129.603:  50%|█████     | 20/40 [03:07<02:39,  7.97s/it]                                                                                     [I 2025-10-02 10:47:30,556] Trial 380 finished with value: 129.722036064136 and parameters: {'n1': 512, 'n2': 224, 'do1': 0.47824676772555846, 'do2': 0.369658696605697, 'lr': 0.002051257566901754, 'l2': 2.0405545150904705e-08, 'act': 'gelu', 'batch': 512, 'epochs': 108}. Best is trial 178 with value: 129.60320302513747.
Best trial: 178. Best value: 129.603:  50%|█████     | 20/40 [03:22<02:39,  7.97s/it]Best trial: 178. Best value: 129.603:  50%|█████     | 20/40 [03:22<02:39,  7.97s/it]Best trial: 178. Best value: 129.603:  52%|█████▎    | 21/40 [03:22<03:12, 10.13s/it]                                                                                     [I 2025-10-02 10:47:36,913] Trial 381 pruned. Trial was pruned at epoch 12.
Best trial: 178. Best value: 129.603:  52%|█████▎    | 21/40 [03:29<03:12, 10.13s/it]Best trial: 178. Best value: 129.603:  52%|█████▎    | 21/40 [03:29<03:12, 10.13s/it]Best trial: 178. Best value: 129.603:  55%|█████▌    | 22/40 [03:29<02:41,  9.00s/it]                                                                                     [I 2025-10-02 10:47:46,489] Trial 382 finished with value: 129.75492223322397 and parameters: {'n1': 512, 'n2': 224, 'do1': 0.49238163358533077, 'do2': 0.3631213739402613, 'lr': 0.0018651488745077972, 'l2': 1.860950828492704e-08, 'act': 'gelu', 'batch': 512, 'epochs': 106}. Best is trial 178 with value: 129.60320302513747.
Best trial: 178. Best value: 129.603:  55%|█████▌    | 22/40 [03:38<02:41,  9.00s/it]Best trial: 178. Best value: 129.603:  55%|█████▌    | 22/40 [03:38<02:41,  9.00s/it]Best trial: 178. Best value: 129.603:  57%|█████▊    | 23/40 [03:38<02:35,  9.17s/it]                                                                                     [I 2025-10-02 10:47:58,795] Trial 383 finished with value: 129.68154353791058 and parameters: {'n1': 512, 'n2': 256, 'do1': 0.49148294487152855, 'do2': 0.36160063726244446, 'lr': 0.0018007439867744755, 'l2': 1.7261695989445945e-08, 'act': 'gelu', 'batch': 512, 'epochs': 106}. Best is trial 178 with value: 129.60320302513747.
Best trial: 178. Best value: 129.603:  57%|█████▊    | 23/40 [03:51<02:35,  9.17s/it]Best trial: 178. Best value: 129.603:  57%|█████▊    | 23/40 [03:51<02:35,  9.17s/it]Best trial: 178. Best value: 129.603:  60%|██████    | 24/40 [03:51<02:41, 10.11s/it]                                                                                     [I 2025-10-02 10:48:13,013] Trial 384 finished with value: 129.7288939962875 and parameters: {'n1': 512, 'n2': 256, 'do1': 0.48631629507762847, 'do2': 0.36468876750370743, 'lr': 0.0016581197446078548, 'l2': 4.303868458306847e-08, 'act': 'gelu', 'batch': 512, 'epochs': 107}. Best is trial 178 with value: 129.60320302513747.
Best trial: 178. Best value: 129.603:  60%|██████    | 24/40 [04:05<02:41, 10.11s/it]Best trial: 178. Best value: 129.603:  60%|██████    | 24/40 [04:05<02:41, 10.11s/it]Best trial: 178. Best value: 129.603:  62%|██████▎   | 25/40 [04:05<02:50, 11.34s/it]                                                                                     [I 2025-10-02 10:48:22,569] Trial 385 finished with value: 130.0050930492725 and parameters: {'n1': 512, 'n2': 256, 'do1': 0.49459660093399843, 'do2': 0.3622966193066405, 'lr': 0.001672670040649053, 'l2': 4.92024401793421e-08, 'act': 'gelu', 'batch': 512, 'epochs': 107}. Best is trial 178 with value: 129.60320302513747.
Best trial: 178. Best value: 129.603:  62%|██████▎   | 25/40 [04:14<02:50, 11.34s/it]Best trial: 178. Best value: 129.603:  62%|██████▎   | 25/40 [04:14<02:50, 11.34s/it]Best trial: 178. Best value: 129.603:  65%|██████▌   | 26/40 [04:14<02:31, 10.81s/it]                                                                                     [I 2025-10-02 10:48:26,269] Trial 386 pruned. Trial was pruned at epoch 5.
Best trial: 178. Best value: 129.603:  65%|██████▌   | 26/40 [04:18<02:31, 10.81s/it]Best trial: 178. Best value: 129.603:  65%|██████▌   | 26/40 [04:18<02:31, 10.81s/it]Best trial: 178. Best value: 129.603:  68%|██████▊   | 27/40 [04:18<01:52,  8.68s/it]                                                                                     [I 2025-10-02 10:48:32,579] Trial 387 pruned. Trial was pruned at epoch 6.
Best trial: 178. Best value: 129.603:  68%|██████▊   | 27/40 [04:24<01:52,  8.68s/it]Best trial: 178. Best value: 129.603:  68%|██████▊   | 27/40 [04:24<01:52,  8.68s/it]Best trial: 178. Best value: 129.603:  70%|███████   | 28/40 [04:24<01:35,  7.97s/it]                                                                                     [I 2025-10-02 10:48:40,138] Trial 388 pruned. Trial was pruned at epoch 20.
Best trial: 178. Best value: 129.603:  70%|███████   | 28/40 [04:32<01:35,  7.97s/it]Best trial: 178. Best value: 129.603:  70%|███████   | 28/40 [04:32<01:35,  7.97s/it]Best trial: 178. Best value: 129.603:  72%|███████▎  | 29/40 [04:32<01:26,  7.84s/it]                                                                                     [I 2025-10-02 10:48:44,167] Trial 389 pruned. Trial was pruned at epoch 5.
Best trial: 178. Best value: 129.603:  72%|███████▎  | 29/40 [04:36<01:26,  7.84s/it]Best trial: 178. Best value: 129.603:  72%|███████▎  | 29/40 [04:36<01:26,  7.84s/it]Best trial: 178. Best value: 129.603:  75%|███████▌  | 30/40 [04:36<01:06,  6.70s/it]                                                                                     [I 2025-10-02 10:48:55,315] Trial 390 finished with value: 129.88284234022214 and parameters: {'n1': 512, 'n2': 256, 'do1': 0.4999217721208177, 'do2': 0.35913060215512077, 'lr': 0.002057344076785901, 'l2': 1.953207047116821e-08, 'act': 'gelu', 'batch': 512, 'epochs': 99}. Best is trial 178 with value: 129.60320302513747.
Best trial: 178. Best value: 129.603:  75%|███████▌  | 30/40 [04:47<01:06,  6.70s/it]Best trial: 178. Best value: 129.603:  75%|███████▌  | 30/40 [04:47<01:06,  6.70s/it]Best trial: 178. Best value: 129.603:  78%|███████▊  | 31/40 [04:47<01:12,  8.03s/it]                                                                                     [I 2025-10-02 10:48:59,200] Trial 391 pruned. Trial was pruned at epoch 6.
