Best trial: 178. Best value: 129.603:  78%|███████▊  | 31/40 [04:51<01:12,  8.03s/it]Best trial: 178. Best value: 129.603:  78%|███████▊  | 31/40 [04:51<01:12,  8.03s/it]Best trial: 178. Best value: 129.603:  80%|████████  | 32/40 [04:51<00:54,  6.79s/it]                                                                                     [I 2025-10-02 10:49:05,829] Trial 392 pruned. Trial was pruned at epoch 14.
Best trial: 178. Best value: 129.603:  80%|████████  | 32/40 [04:58<00:54,  6.79s/it]Best trial: 178. Best value: 129.603:  80%|████████  | 32/40 [04:58<00:54,  6.79s/it]Best trial: 178. Best value: 129.603:  82%|████████▎ | 33/40 [04:58<00:47,  6.74s/it]                                                                                     [I 2025-10-02 10:49:17,175] Trial 393 finished with value: 129.68759789152932 and parameters: {'n1': 512, 'n2': 256, 'do1': 0.48999582889681953, 'do2': 0.35968831436716214, 'lr': 0.0019150699332494705, 'l2': 1.5719110547411852e-08, 'act': 'gelu', 'batch': 512, 'epochs': 110}. Best is trial 178 with value: 129.60320302513747.
Best trial: 178. Best value: 129.603:  82%|████████▎ | 33/40 [05:09<00:47,  6.74s/it]Best trial: 178. Best value: 129.603:  82%|████████▎ | 33/40 [05:09<00:47,  6.74s/it]Best trial: 178. Best value: 129.603:  85%|████████▌ | 34/40 [05:09<00:48,  8.12s/it]                                                                                     [I 2025-10-02 10:49:22,159] Trial 394 pruned. Trial was pruned at epoch 5.
Best trial: 178. Best value: 129.603:  85%|████████▌ | 34/40 [05:14<00:48,  8.12s/it]Best trial: 178. Best value: 129.603:  85%|████████▌ | 34/40 [05:14<00:48,  8.12s/it]Best trial: 178. Best value: 129.603:  88%|████████▊ | 35/40 [05:14<00:35,  7.18s/it]                                                                                     [I 2025-10-02 10:49:35,301] Trial 395 finished with value: 129.82221166127545 and parameters: {'n1': 512, 'n2': 256, 'do1': 0.4997908055188929, 'do2': 0.377825068643072, 'lr': 0.001691539049815037, 'l2': 1.871578482608265e-08, 'act': 'gelu', 'batch': 512, 'epochs': 106}. Best is trial 178 with value: 129.60320302513747.
Best trial: 178. Best value: 129.603:  88%|████████▊ | 35/40 [05:27<00:35,  7.18s/it]Best trial: 178. Best value: 129.603:  88%|████████▊ | 35/40 [05:27<00:35,  7.18s/it]Best trial: 178. Best value: 129.603:  90%|█████████ | 36/40 [05:27<00:35,  8.97s/it]                                                                                     [I 2025-10-02 10:49:48,184] Trial 396 finished with value: 129.8147041820571 and parameters: {'n1': 512, 'n2': 224, 'do1': 0.4888975649186345, 'do2': 0.3498271179551105, 'lr': 0.0018607039976237234, 'l2': 1.4172902896085217e-08, 'act': 'gelu', 'batch': 512, 'epochs': 108}. Best is trial 178 with value: 129.60320302513747.
Best trial: 178. Best value: 129.603:  90%|█████████ | 36/40 [05:40<00:35,  8.97s/it]Best trial: 178. Best value: 129.603:  90%|█████████ | 36/40 [05:40<00:35,  8.97s/it]Best trial: 178. Best value: 129.603:  92%|█████████▎| 37/40 [05:40<00:30, 10.14s/it]                                                                                     [I 2025-10-02 10:49:52,454] Trial 397 pruned. Trial was pruned at epoch 6.
Best trial: 178. Best value: 129.603:  92%|█████████▎| 37/40 [05:44<00:30, 10.14s/it]Best trial: 178. Best value: 129.603:  92%|█████████▎| 37/40 [05:44<00:30, 10.14s/it]Best trial: 178. Best value: 129.603:  95%|█████████▌| 38/40 [05:44<00:16,  8.38s/it]                                                                                     [I 2025-10-02 10:50:05,295] Trial 398 finished with value: 129.6470343495176 and parameters: {'n1': 512, 'n2': 224, 'do1': 0.47613678026430295, 'do2': 0.3690058756600372, 'lr': 0.001910410913404345, 'l2': 2.3759746800050926e-08, 'act': 'gelu', 'batch': 512, 'epochs': 102}. Best is trial 178 with value: 129.60320302513747.
Best trial: 178. Best value: 129.603:  95%|█████████▌| 38/40 [05:57<00:16,  8.38s/it]Best trial: 178. Best value: 129.603:  95%|█████████▌| 38/40 [05:57<00:16,  8.38s/it]Best trial: 178. Best value: 129.603:  98%|█████████▊| 39/40 [05:57<00:09,  9.72s/it]2025-10-02 10:50:07.704291: I external/local_xla/xla/stream_executor/cuda/cuda_asm_compiler.cc:397] ptxas warning : Registers are spilled to local memory in function 'gemm_fusion_dot_48_0', 768 bytes spill stores, 720 bytes spill loads

2025-10-02 10:50:08.333289: I external/local_xla/xla/stream_executor/cuda/cuda_asm_compiler.cc:397] ptxas warning : Registers are spilled to local memory in function 'gemm_fusion_dot_48_0', 756 bytes spill stores, 444 bytes spill loads

                                                                                     [I 2025-10-02 10:50:10,341] Trial 399 pruned. Trial was pruned at epoch 5.
Best trial: 178. Best value: 129.603:  98%|█████████▊| 39/40 [06:02<00:09,  9.72s/it]Best trial: 178. Best value: 129.603:  98%|█████████▊| 39/40 [06:02<00:09,  9.72s/it]Best trial: 178. Best value: 129.603: 100%|██████████| 40/40 [06:02<00:00,  8.32s/it]Best trial: 178. Best value: 129.603: 100%|██████████| 40/40 [06:02<00:00,  9.06s/it]
Best MLP params: {'n1': 320, 'n2': 128, 'do1': 0.470767213463849, 'do2': 0.13874204928973802, 'lr': 0.0027518859895647235, 'l2': 2.199622421776896e-05, 'act': 'gelu', 'batch': 512, 'epochs': 89}
MLP test → RMSE: 134.7641 | MAE: 66.3879 | R2: 0.7262 | Skill: 0.313
/mnt/SOLARLAB/E_Ladino/Repo/irradiance-fusion-forecast/Notebooks/05_ground_hpo_optuna_v1.py:123: FutureWarning: The import path :class:`~optuna.storages.JournalFileOpenLock` has been deprecated in v4.0.0. This feature will be removed in v6.0.0. See https://github.com/optuna/optuna/releases/tag/v4.0.0. Use :class:`~optuna.storages.journal.JournalFileOpenLock` instead.
  file_storage = JournalFileStorage(str(log_path), lock_obj=JournalFileOpenLock(str(lock_path)))
/mnt/SOLARLAB/E_Ladino/Repo/irradiance-fusion-forecast/Notebooks/05_ground_hpo_optuna_v1.py:123: FutureWarning: JournalFileStorage has been deprecated in v4.0.0. This feature will be removed in v6.0.0. See https://github.com/optuna/optuna/releases/tag/v4.0.0. Use :class:`~optuna.storages.journal.JournalFileBackend` instead.
  file_storage = JournalFileStorage(str(log_path), lock_obj=JournalFileOpenLock(str(lock_path)))
[I 2025-10-02 10:50:10,943] Using an existing study with name 'ground_trackB_lstm' instead of creating a new one.
Running Study B1 (LSTM)…
  0%|          | 0/40 [00:00<?, ?it/s]                                      [I 2025-10-02 10:50:20,444] Trial 280 pruned. Trial was pruned at epoch 5.
  0%|          | 0/40 [00:09<?, ?it/s]Best trial: 265. Best value: 129.321:   0%|          | 0/40 [00:09<?, ?it/s]Best trial: 265. Best value: 129.321:   2%|▎         | 1/40 [00:09<06:10,  9.50s/it]                                                                                    [I 2025-10-02 10:50:50,822] Trial 281 finished with value: 130.28107384852566 and parameters: {'seq_len': 18, 'units': 128, 'dropout': 0.09323486513742271, 'lr': 0.004945808334200463, 'batch': 64, 'epochs': 90}. Best is trial 265 with value: 129.32149406856155.
Best trial: 265. Best value: 129.321:   2%|▎         | 1/40 [00:39<06:10,  9.50s/it]Best trial: 265. Best value: 129.321:   2%|▎         | 1/40 [00:39<06:10,  9.50s/it]Best trial: 265. Best value: 129.321:   5%|▌         | 2/40 [00:39<13:47, 21.78s/it]                                                                                    [I 2025-10-02 10:50:56,504] Trial 282 pruned. Trial was pruned at epoch 5.
Best trial: 265. Best value: 129.321:   5%|▌         | 2/40 [00:45<13:47, 21.78s/it]Best trial: 265. Best value: 129.321:   5%|▌         | 2/40 [00:45<13:47, 21.78s/it]Best trial: 265. Best value: 129.321:   8%|▊         | 3/40 [00:45<08:53, 14.43s/it]                                                                                    [I 2025-10-02 10:51:20,794] Trial 283 finished with value: 129.86969130151192 and parameters: {'seq_len': 18, 'units': 128, 'dropout': 0.10767585016761312, 'lr': 0.0039675866896107005, 'batch': 64, 'epochs': 87}. Best is trial 265 with value: 129.32149406856155.
Best trial: 265. Best value: 129.321:   8%|▊         | 3/40 [01:09<08:53, 14.43s/it]Best trial: 265. Best value: 129.321:   8%|▊         | 3/40 [01:09<08:53, 14.43s/it]Best trial: 265. Best value: 129.321:  10%|█         | 4/40 [01:09<10:59, 18.32s/it]                                                                                    [I 2025-10-02 10:51:30,776] Trial 284 pruned. Trial was pruned at epoch 5.
Best trial: 265. Best value: 129.321:  10%|█         | 4/40 [01:19<10:59, 18.32s/it]Best trial: 265. Best value: 129.321:  10%|█         | 4/40 [01:19<10:59, 18.32s/it]Best trial: 265. Best value: 129.321:  12%|█▎        | 5/40 [01:19<08:56, 15.31s/it]                                                                                    [I 2025-10-02 10:51:52,704] Trial 285 finished with value: 129.84798052674904 and parameters: {'seq_len': 18, 'units': 128, 'dropout': 0.11622305228042434, 'lr': 0.004420344315299444, 'batch': 64, 'epochs': 79}. Best is trial 265 with value: 129.32149406856155.
Best trial: 265. Best value: 129.321:  12%|█▎        | 5/40 [01:41<08:56, 15.31s/it]Best trial: 265. Best value: 129.321:  12%|█▎        | 5/40 [01:41<08:56, 15.31s/it]Best trial: 265. Best value: 129.321:  15%|█▌        | 6/40 [01:41<09:57, 17.56s/it]                                                                                    [I 2025-10-02 10:52:02,927] Trial 286 pruned. Trial was pruned at epoch 5.
Best trial: 265. Best value: 129.321:  15%|█▌        | 6/40 [01:51<09:57, 17.56s/it]Best trial: 265. Best value: 129.321:  15%|█▌        | 6/40 [01:51<09:57, 17.56s/it]Best trial: 265. Best value: 129.321:  18%|█▊        | 7/40 [01:51<08:20, 15.16s/it]                                                                                    [I 2025-10-02 10:52:31,136] Trial 287 finished with value: 130.47665020991303 and parameters: {'seq_len': 18, 'units': 128, 'dropout': 0.09897363831358538, 'lr': 0.0037772786033858797, 'batch': 64, 'epochs': 89}. Best is trial 265 with value: 129.32149406856155.
Best trial: 265. Best value: 129.321:  18%|█▊        | 7/40 [02:20<08:20, 15.16s/it]Best trial: 265. Best value: 129.321:  18%|█▊        | 7/40 [02:20<08:20, 15.16s/it]Best trial: 265. Best value: 129.321:  20%|██        | 8/40 [02:20<10:18, 19.32s/it]                                                                                    [I 2025-10-02 10:52:35,409] Trial 288 pruned. Trial was pruned at epoch 5.
Best trial: 265. Best value: 129.321:  20%|██        | 8/40 [02:24<10:18, 19.32s/it]Best trial: 265. Best value: 129.321:  20%|██        | 8/40 [02:24<10:18, 19.32s/it]Best trial: 265. Best value: 129.321:  22%|██▎       | 9/40 [02:24<07:33, 14.61s/it]                                                                                    [I 2025-10-02 10:52:45,889] Trial 289 pruned. Trial was pruned at epoch 5.
Best trial: 265. Best value: 129.321:  22%|██▎       | 9/40 [02:34<07:33, 14.61s/it]Best trial: 265. Best value: 129.321:  22%|██▎       | 9/40 [02:34<07:33, 14.61s/it]Best trial: 265. Best value: 129.321:  25%|██▌       | 10/40 [02:34<06:40, 13.34s/it]                                                                                     [I 2025-10-02 10:52:56,393] Trial 290 pruned. Trial was pruned at epoch 5.
Best trial: 265. Best value: 129.321:  25%|██▌       | 10/40 [02:45<06:40, 13.34s/it]Best trial: 265. Best value: 129.321:  25%|██▌       | 10/40 [02:45<06:40, 13.34s/it]Best trial: 265. Best value: 129.321:  28%|██▊       | 11/40 [02:45<06:01, 12.47s/it]                                                                                     [I 2025-10-02 10:53:06,326] Trial 291 pruned. Trial was pruned at epoch 5.
Best trial: 265. Best value: 129.321:  28%|██▊       | 11/40 [02:55<06:01, 12.47s/it]Best trial: 265. Best value: 129.321:  28%|██▊       | 11/40 [02:55<06:01, 12.47s/it]Best trial: 265. Best value: 129.321:  30%|███       | 12/40 [02:55<05:27, 11.70s/it]                                                                                     [I 2025-10-02 10:53:17,948] Trial 292 pruned. Trial was pruned at epoch 5.
Best trial: 265. Best value: 129.321:  30%|███       | 12/40 [03:07<05:27, 11.70s/it]Best trial: 265. Best value: 129.321:  30%|███       | 12/40 [03:07<05:27, 11.70s/it]Best trial: 265. Best value: 129.321:  32%|███▎      | 13/40 [03:07<05:15, 11.68s/it]                                                                                     [I 2025-10-02 10:53:48,075] Trial 293 finished with value: 129.97942295080787 and parameters: {'seq_len': 18, 'units': 96, 'dropout': 0.05126857025962606, 'lr': 0.004095599489467462, 'batch': 64, 'epochs': 105}. Best is trial 265 with value: 129.32149406856155.
Best trial: 265. Best value: 129.321:  32%|███▎      | 13/40 [03:37<05:15, 11.68s/it]Best trial: 265. Best value: 129.321:  32%|███▎      | 13/40 [03:37<05:15, 11.68s/it]Best trial: 265. Best value: 129.321:  35%|███▌      | 14/40 [03:37<07:28, 17.25s/it]                                                                                     [I 2025-10-02 10:53:56,572] Trial 294 pruned. Trial was pruned at epoch 5.
Best trial: 265. Best value: 129.321:  35%|███▌      | 14/40 [03:45<07:28, 17.25s/it]Best trial: 265. Best value: 129.321:  35%|███▌      | 14/40 [03:45<07:28, 17.25s/it]Best trial: 265. Best value: 129.321:  38%|███▊      | 15/40 [03:45<06:05, 14.61s/it]                                                                                     [I 2025-10-02 10:54:27,912] Trial 295 finished with value: 130.24889784802403 and parameters: {'seq_len': 18, 'units': 128, 'dropout': 0.26323112027348294, 'lr': 0.003308405303977206, 'batch': 64, 'epochs': 87}. Best is trial 265 with value: 129.32149406856155.
Best trial: 265. Best value: 129.321:  38%|███▊      | 15/40 [04:16<06:05, 14.61s/it]Best trial: 265. Best value: 129.321:  38%|███▊      | 15/40 [04:16<06:05, 14.61s/it]Best trial: 265. Best value: 129.321:  40%|████      | 16/40 [04:16<07:51, 19.65s/it]                                                                                     [I 2025-10-02 10:54:50,200] Trial 296 finished with value: 130.93133189529158 and parameters: {'seq_len': 18, 'units': 128, 'dropout': 0.08228296835517195, 'lr': 0.002818143217482281, 'batch': 64, 'epochs': 64}. Best is trial 265 with value: 129.32149406856155.
Best trial: 265. Best value: 129.321:  40%|████      | 16/40 [04:39<07:51, 19.65s/it]Best trial: 265. Best value: 129.321:  40%|████      | 16/40 [04:39<07:51, 19.65s/it]Best trial: 265. Best value: 129.321:  42%|████▎     | 17/40 [04:39<07:50, 20.44s/it]                                                                                     [I 2025-10-02 10:54:59,776] Trial 297 pruned. Trial was pruned at epoch 5.
Best trial: 265. Best value: 129.321:  42%|████▎     | 17/40 [04:48<07:50, 20.44s/it]Best trial: 265. Best value: 129.321:  42%|████▎     | 17/40 [04:48<07:50, 20.44s/it]Best trial: 265. Best value: 129.321:  45%|████▌     | 18/40 [04:48<06:17, 17.18s/it]                                                                                     [I 2025-10-02 10:55:28,267] Trial 298 finished with value: 129.68454815917738 and parameters: {'seq_len': 18, 'units': 128, 'dropout': 0.11045116026682697, 'lr': 0.004232349797163594, 'batch': 64, 'epochs': 80}. Best is trial 265 with value: 129.32149406856155.
Best trial: 265. Best value: 129.321:  45%|████▌     | 18/40 [05:17<06:17, 17.18s/it]Best trial: 265. Best value: 129.321:  45%|████▌     | 18/40 [05:17<06:17, 17.18s/it]Best trial: 265. Best value: 129.321:  48%|████▊     | 19/40 [05:17<07:12, 20.57s/it]                                                                                     [I 2025-10-02 10:55:59,122] Trial 299 finished with value: 130.26996458076974 and parameters: {'seq_len': 18, 'units': 128, 'dropout': 0.12408338694439043, 'lr': 0.004232011479849644, 'batch': 64, 'epochs': 70}. Best is trial 265 with value: 129.32149406856155.
Best trial: 265. Best value: 129.321:  48%|████▊     | 19/40 [05:48<07:12, 20.57s/it]Best trial: 265. Best value: 129.321:  48%|████▊     | 19/40 [05:48<07:12, 20.57s/it]Best trial: 265. Best value: 129.321:  50%|█████     | 20/40 [05:48<07:53, 23.66s/it]                                                                                     [I 2025-10-02 10:56:20,736] Trial 300 finished with value: 130.7710233456747 and parameters: {'seq_len': 18, 'units': 128, 'dropout': 0.11192902917704246, 'lr': 0.004985646884489985, 'batch': 64, 'epochs': 80}. Best is trial 265 with value: 129.32149406856155.
Best trial: 265. Best value: 129.321:  50%|█████     | 20/40 [06:09<07:53, 23.66s/it]Best trial: 265. Best value: 129.321:  50%|█████     | 20/40 [06:09<07:53, 23.66s/it]Best trial: 265. Best value: 129.321:  52%|█████▎    | 21/40 [06:09<07:17, 23.05s/it]                                                                                     [I 2025-10-02 10:56:34,746] Trial 301 pruned. Trial was pruned at epoch 6.
Best trial: 265. Best value: 129.321:  52%|█████▎    | 21/40 [06:23<07:17, 23.05s/it]Best trial: 265. Best value: 129.321:  52%|█████▎    | 21/40 [06:23<07:17, 23.05s/it]Best trial: 265. Best value: 129.321:  55%|█████▌    | 22/40 [06:23<06:06, 20.33s/it]                                                                                     [I 2025-10-02 10:56:44,857] Trial 302 pruned. Trial was pruned at epoch 5.
Best trial: 265. Best value: 129.321:  55%|█████▌    | 22/40 [06:33<06:06, 20.33s/it]Best trial: 265. Best value: 129.321:  55%|█████▌    | 22/40 [06:33<06:06, 20.33s/it]Best trial: 265. Best value: 129.321:  57%|█████▊    | 23/40 [06:33<04:53, 17.27s/it]                                                                                     [I 2025-10-02 10:57:14,559] Trial 303 finished with value: 130.80626627526297 and parameters: {'seq_len': 18, 'units': 128, 'dropout': 0.1339012498620969, 'lr': 0.004513382452304905, 'batch': 64, 'epochs': 75}. Best is trial 265 with value: 129.32149406856155.
Best trial: 265. Best value: 129.321:  57%|█████▊    | 23/40 [07:03<04:53, 17.27s/it]Best trial: 265. Best value: 129.321:  57%|█████▊    | 23/40 [07:03<04:53, 17.27s/it]Best trial: 265. Best value: 129.321:  60%|██████    | 24/40 [07:03<05:35, 21.00s/it]                                                                                     [I 2025-10-02 10:57:25,875] Trial 304 pruned. Trial was pruned at epoch 5.
Best trial: 265. Best value: 129.321:  60%|██████    | 24/40 [07:14<05:35, 21.00s/it]Best trial: 265. Best value: 129.321:  60%|██████    | 24/40 [07:14<05:35, 21.00s/it]Best trial: 265. Best value: 129.321:  62%|██████▎   | 25/40 [07:14<04:31, 18.09s/it]                                                                                     [I 2025-10-02 10:57:32,269] Trial 305 pruned. Trial was pruned at epoch 5.
Best trial: 265. Best value: 129.321:  62%|██████▎   | 25/40 [07:21<04:31, 18.09s/it]Best trial: 265. Best value: 129.321:  62%|██████▎   | 25/40 [07:21<04:31, 18.09s/it]Best trial: 265. Best value: 129.321:  65%|██████▌   | 26/40 [07:21<03:24, 14.58s/it]                                                                                     [I 2025-10-02 10:58:00,783] Trial 306 finished with value: 129.94684911051132 and parameters: {'seq_len': 18, 'units': 128, 'dropout': 0.10837926109691713, 'lr': 0.004576387096586153, 'batch': 64, 'epochs': 47}. Best is trial 265 with value: 129.32149406856155.
Best trial: 265. Best value: 129.321:  65%|██████▌   | 26/40 [07:49<03:24, 14.58s/it]Best trial: 265. Best value: 129.321:  65%|██████▌   | 26/40 [07:49<03:24, 14.58s/it]Best trial: 265. Best value: 129.321:  68%|██████▊   | 27/40 [07:49<04:03, 18.76s/it]                                                                                     [I 2025-10-02 10:58:13,151] Trial 307 pruned. Trial was pruned at epoch 5.
Best trial: 265. Best value: 129.321:  68%|██████▊   | 27/40 [08:02<04:03, 18.76s/it]Best trial: 265. Best value: 129.321:  68%|██████▊   | 27/40 [08:02<04:03, 18.76s/it]Best trial: 265. Best value: 129.321:  70%|███████   | 28/40 [08:02<03:22, 16.84s/it]                                                                                     [I 2025-10-02 10:58:25,420] Trial 308 pruned. Trial was pruned at epoch 5.
Best trial: 265. Best value: 129.321:  70%|███████   | 28/40 [08:14<03:22, 16.84s/it]Best trial: 265. Best value: 129.321:  70%|███████   | 28/40 [08:14<03:22, 16.84s/it]Best trial: 265. Best value: 129.321:  72%|███████▎  | 29/40 [08:14<02:50, 15.47s/it]                                                                                     [I 2025-10-02 10:58:51,811] Trial 309 finished with value: 129.71184259494197 and parameters: {'seq_len': 18, 'units': 128, 'dropout': 0.11204199351304284, 'lr': 0.004213644842560872, 'batch': 64, 'epochs': 111}. Best is trial 265 with value: 129.32149406856155.
Best trial: 265. Best value: 129.321:  72%|███████▎  | 29/40 [08:40<02:50, 15.47s/it]Best trial: 265. Best value: 129.321:  72%|███████▎  | 29/40 [08:40<02:50, 15.47s/it]Best trial: 265. Best value: 129.321:  75%|███████▌  | 30/40 [08:40<03:07, 18.75s/it]                                                                                     [I 2025-10-02 10:59:04,741] Trial 310 pruned. Trial was pruned at epoch 6.
Best trial: 265. Best value: 129.321:  75%|███████▌  | 30/40 [08:53<03:07, 18.75s/it]Best trial: 265. Best value: 129.321:  75%|███████▌  | 30/40 [08:53<03:07, 18.75s/it]Best trial: 265. Best value: 129.321:  78%|███████▊  | 31/40 [08:53<02:33, 17.00s/it]                                                                                     [I 2025-10-02 10:59:09,035] Trial 311 pruned. Trial was pruned at epoch 5.
