Best trial: 5. Best value: 130.551:  85%|████████▌ | 34/40 [10:57<01:10, 11.75s/it]Best trial: 5. Best value: 130.551:  85%|████████▌ | 34/40 [10:57<01:10, 11.75s/it]Best trial: 5. Best value: 130.551:  88%|████████▊ | 35/40 [10:57<00:56, 11.38s/it]                                                                                   [I 2025-10-02 11:45:42,742] Trial 35 finished with value: 131.57062771806252 and parameters: {'seq_len': 18, 'd_model': 32, 'heads': 2, 'ff_dim': 96, 'att_dropout': 0.24459553428330105, 'dropout': 0.3596045666365353, 'lr': 0.003800455806645188, 'batch': 128, 'epochs': 61}. Best is trial 5 with value: 130.55147452250395.
Best trial: 5. Best value: 130.551:  88%|████████▊ | 35/40 [11:13<00:56, 11.38s/it]Best trial: 5. Best value: 130.551:  88%|████████▊ | 35/40 [11:13<00:56, 11.38s/it]Best trial: 5. Best value: 130.551:  90%|█████████ | 36/40 [11:13<00:51, 12.81s/it]2025-10-02 11:45:45.955133: I external/local_xla/xla/stream_executor/cuda/cuda_asm_compiler.cc:397] ptxas warning : Registers are spilled to local memory in function 'gemm_fusion_dot_31', 52 bytes spill stores, 52 bytes spill loads

2025-10-02 11:45:46.033992: I external/local_xla/xla/stream_executor/cuda/cuda_asm_compiler.cc:397] ptxas warning : Registers are spilled to local memory in function 'gemm_fusion_dot_31', 56 bytes spill stores, 56 bytes spill loads

2025-10-02 11:45:46.136073: I external/local_xla/xla/stream_executor/cuda/cuda_asm_compiler.cc:397] ptxas warning : Registers are spilled to local memory in function 'gemm_fusion_dot_6', 4 bytes spill stores, 4 bytes spill loads

2025-10-02 11:45:48.385175: I external/local_xla/xla/stream_executor/cuda/cuda_asm_compiler.cc:397] ptxas warning : Registers are spilled to local memory in function 'gemm_fusion_dot_31', 56 bytes spill stores, 56 bytes spill loads

2025-10-02 11:45:48.480465: I external/local_xla/xla/stream_executor/cuda/cuda_asm_compiler.cc:397] ptxas warning : Registers are spilled to local memory in function 'gemm_fusion_dot_31', 80 bytes spill stores, 80 bytes spill loads

2025-10-02 11:45:48.515366: I external/local_xla/xla/stream_executor/cuda/cuda_asm_compiler.cc:397] ptxas warning : Registers are spilled to local memory in function 'gemm_fusion_dot_6', 64 bytes spill stores, 64 bytes spill loads

2025-10-02 11:45:48.728589: I external/local_xla/xla/stream_executor/cuda/cuda_asm_compiler.cc:397] ptxas warning : Registers are spilled to local memory in function 'gemm_fusion_dot_6', 56 bytes spill stores, 56 bytes spill loads

                                                                                   [I 2025-10-02 11:45:53,987] Trial 36 pruned. Trial was pruned at epoch 5.
Best trial: 5. Best value: 130.551:  90%|█████████ | 36/40 [11:25<00:51, 12.81s/it]Best trial: 5. Best value: 130.551:  90%|█████████ | 36/40 [11:25<00:51, 12.81s/it]Best trial: 5. Best value: 130.551:  92%|█████████▎| 37/40 [11:25<00:37, 12.34s/it]2025-10-02 11:46:00.625731: I external/local_xla/xla/stream_executor/cuda/cuda_asm_compiler.cc:397] ptxas warning : Registers are spilled to local memory in function 'gemm_fusion_dot_6', 12 bytes spill stores, 12 bytes spill loads

2025-10-02 11:46:00.887242: I external/local_xla/xla/stream_executor/cuda/cuda_asm_compiler.cc:397] ptxas warning : Registers are spilled to local memory in function 'gemm_fusion_dot_6', 816 bytes spill stores, 956 bytes spill loads

                                                                                   [I 2025-10-02 11:46:05,866] Trial 37 pruned. Trial was pruned at epoch 5.
Best trial: 5. Best value: 130.551:  92%|█████████▎| 37/40 [11:37<00:37, 12.34s/it]Best trial: 5. Best value: 130.551:  92%|█████████▎| 37/40 [11:37<00:37, 12.34s/it]Best trial: 5. Best value: 130.551:  95%|█████████▌| 38/40 [11:37<00:24, 12.20s/it]                                                                                   [I 2025-10-02 11:46:13,973] Trial 38 pruned. Trial was pruned at epoch 5.
Best trial: 5. Best value: 130.551:  95%|█████████▌| 38/40 [11:45<00:24, 12.20s/it]Best trial: 5. Best value: 130.551:  95%|█████████▌| 38/40 [11:45<00:24, 12.20s/it]Best trial: 5. Best value: 130.551:  98%|█████████▊| 39/40 [11:45<00:10, 10.97s/it]2025-10-02 11:46:21.650912: I external/local_xla/xla/stream_executor/cuda/cuda_asm_compiler.cc:397] ptxas warning : Registers are spilled to local memory in function 'gemm_fusion_dot_6', 8 bytes spill stores, 8 bytes spill loads

                                                                                   [I 2025-10-02 11:46:24,780] Trial 39 pruned. Trial was pruned at epoch 5.
Best trial: 5. Best value: 130.551:  98%|█████████▊| 39/40 [11:55<00:10, 10.97s/it]Best trial: 5. Best value: 130.551:  98%|█████████▊| 39/40 [11:55<00:10, 10.97s/it]Best trial: 5. Best value: 130.551: 100%|██████████| 40/40 [11:55<00:00, 10.92s/it]Best trial: 5. Best value: 130.551: 100%|██████████| 40/40 [11:55<00:00, 17.90s/it]
/home/e.ladino/miniconda3/envs/e_ladino/lib/python3.12/site-packages/keras/src/saving/saving_lib.py:797: UserWarning: Skipping variable loading for optimizer 'adam', because it has 2 variables whereas the saved optimizer has 42 variables. 
  saveable.load_own_variables(weights_store.get(inner_path))
Best Transformer params: {'seq_len': 18, 'd_model': 64, 'heads': 2, 'ff_dim': 64, 'att_dropout': 0.1281323365878769, 'dropout': 0.32720590636899727, 'lr': 0.0026328806385787135, 'batch': 128, 'epochs': 57}
Transformer test → RMSE: 138.2057 | MAE: 72.0126 | R2: 0.7122 | Skill: 0.296
Saved params → ../models/best_hpo_params_all.json

=== MLP ===
RMSE=134.7641 | MAE=66.3879 | R2=0.7262 | Skill=0.313

=== LSTM ===
RMSE=137.3619 | MAE=70.4509 | R2=0.7157 | Skill=0.301

=== BiLSTM ===
RMSE=137.1388 | MAE=71.0945 | R2=0.7167 | Skill=0.302

=== CNN-LSTM ===
RMSE=137.7888 | MAE=71.1117 | R2=0.7140 | Skill=0.298

=== Transformer ===
RMSE=138.2057 | MAE=72.0126 | R2=0.7122 | Skill=0.296

=== Test Summary ===
         model      RMSE      MAE      R2   Skill
0          MLP  134.7641  66.3879  0.7262  0.3134
2       BiLSTM  137.1388  71.0945  0.7167  0.3018
1         LSTM  137.3619  70.4509  0.7157  0.3007
3     CNN-LSTM  137.7888  71.1117  0.7140  0.2985
4  Transformer  138.2057  72.0126  0.7122  0.2964
