                                                                                  [I 2025-10-02 11:35:50,793] Trial 2 finished with value: 133.25359106324302 and parameters: {'seq_len': 12, 'd_model': 96, 'heads': 2, 'ff_dim': 64, 'att_dropout': 0.0975990992289793, 'dropout': 0.15547091587579281, 'lr': 0.0001744488327445185, 'batch': 64, 'epochs': 83}. Best is trial 2 with value: 133.25359106324302.
Best trial: 1. Best value: 133.686:   5%|▌         | 2/40 [01:21<16:34, 26.18s/it]Best trial: 2. Best value: 133.254:   5%|▌         | 2/40 [01:21<16:34, 26.18s/it]Best trial: 2. Best value: 133.254:   8%|▊         | 3/40 [01:21<17:16, 28.02s/it]2025-10-02 11:35:53.854912: I external/local_xla/xla/stream_executor/cuda/cuda_asm_compiler.cc:397] ptxas warning : Registers are spilled to local memory in function 'gemm_fusion_dot_2431', 8 bytes spill stores, 8 bytes spill loads

2025-10-02 11:35:53.893729: I external/local_xla/xla/stream_executor/cuda/cuda_asm_compiler.cc:397] ptxas warning : Registers are spilled to local memory in function 'gemm_fusion_dot_19', 8 bytes spill stores, 8 bytes spill loads

2025-10-02 11:35:54.024605: I external/local_xla/xla/stream_executor/cuda/cuda_asm_compiler.cc:397] ptxas warning : Registers are spilled to local memory in function 'gemm_fusion_dot_2431', 24 bytes spill stores, 24 bytes spill loads

2025-10-02 11:35:54.038904: I external/local_xla/xla/stream_executor/cuda/cuda_asm_compiler.cc:397] ptxas warning : Registers are spilled to local memory in function 'gemm_fusion_dot_2431', 8 bytes spill stores, 8 bytes spill loads

2025-10-02 11:35:54.140309: I external/local_xla/xla/stream_executor/cuda/cuda_asm_compiler.cc:397] ptxas warning : Registers are spilled to local memory in function 'gemm_fusion_dot_11', 84 bytes spill stores, 84 bytes spill loads

2025-10-02 11:35:54.251160: I external/local_xla/xla/stream_executor/cuda/cuda_asm_compiler.cc:397] ptxas warning : Registers are spilled to local memory in function 'gemm_fusion_dot_6', 760 bytes spill stores, 836 bytes spill loads

2025-10-02 11:35:56.396012: I external/local_xla/xla/stream_executor/cuda/cuda_asm_compiler.cc:397] ptxas warning : Registers are spilled to local memory in function 'gemm_fusion_dot_31', 40 bytes spill stores, 40 bytes spill loads

2025-10-02 11:35:56.818714: I external/local_xla/xla/stream_executor/cuda/cuda_asm_compiler.cc:397] ptxas warning : Registers are spilled to local memory in function 'gemm_fusion_dot_6', 760 bytes spill stores, 836 bytes spill loads

2025-10-02 11:35:58.877516: I external/local_xla/xla/stream_executor/cuda/cuda_asm_compiler.cc:397] ptxas warning : Registers are spilled to local memory in function 'gemm_fusion_dot_10', 8 bytes spill stores, 8 bytes spill loads

2025-10-02 11:35:58.968177: I external/local_xla/xla/stream_executor/cuda/cuda_asm_compiler.cc:397] ptxas warning : Registers are spilled to local memory in function 'gemm_fusion_dot_10', 20 bytes spill stores, 20 bytes spill loads

2025-10-02 11:35:59.020732: I external/local_xla/xla/stream_executor/cuda/cuda_asm_compiler.cc:397] ptxas warning : Registers are spilled to local memory in function 'gemm_fusion_dot_6', 12 bytes spill stores, 12 bytes spill loads

2025-10-02 11:35:59.310891: I external/local_xla/xla/stream_executor/cuda/cuda_asm_compiler.cc:397] ptxas warning : Registers are spilled to local memory in function 'gemm_fusion_dot_6', 816 bytes spill stores, 956 bytes spill loads

2025-10-02 11:36:48.270693: I external/local_xla/xla/stream_executor/cuda/cuda_asm_compiler.cc:397] ptxas warning : Registers are spilled to local memory in function 'gemm_fusion_dot_6', 760 bytes spill stores, 836 bytes spill loads

2025-10-02 11:36:49.076097: I external/local_xla/xla/stream_executor/cuda/cuda_asm_compiler.cc:397] ptxas warning : Registers are spilled to local memory in function 'gemm_fusion_dot_6', 12 bytes spill stores, 12 bytes spill loads

2025-10-02 11:36:49.170148: I external/local_xla/xla/stream_executor/cuda/cuda_asm_compiler.cc:397] ptxas warning : Registers are spilled to local memory in function 'gemm_fusion_dot_10', 20 bytes spill stores, 20 bytes spill loads

2025-10-02 11:36:49.216269: I external/local_xla/xla/stream_executor/cuda/cuda_asm_compiler.cc:397] ptxas warning : Registers are spilled to local memory in function 'gemm_fusion_dot_10', 8 bytes spill stores, 8 bytes spill loads

2025-10-02 11:36:49.476912: I external/local_xla/xla/stream_executor/cuda/cuda_asm_compiler.cc:397] ptxas warning : Registers are spilled to local memory in function 'gemm_fusion_dot_6', 816 bytes spill stores, 956 bytes spill loads

                                                                                  [I 2025-10-02 11:36:49,907] Trial 3 finished with value: 138.5290399947787 and parameters: {'seq_len': 24, 'd_model': 128, 'heads': 8, 'ff_dim': 192, 'att_dropout': 0.18698943804826737, 'dropout': 0.13235920994105968, 'lr': 6.700183621677408e-05, 'batch': 256, 'epochs': 91}. Best is trial 2 with value: 133.25359106324302.
Best trial: 2. Best value: 133.254:   8%|▊         | 3/40 [02:21<17:16, 28.02s/it]Best trial: 2. Best value: 133.254:   8%|▊         | 3/40 [02:21<17:16, 28.02s/it]Best trial: 2. Best value: 133.254:  10%|█         | 4/40 [02:21<24:10, 40.30s/it]2025-10-02 11:36:52.737285: I external/local_xla/xla/stream_executor/cuda/cuda_asm_compiler.cc:397] ptxas warning : Registers are spilled to local memory in function 'gemm_fusion_dot_6', 20 bytes spill stores, 20 bytes spill loads

2025-10-02 11:36:52.872596: I external/local_xla/xla/stream_executor/cuda/cuda_asm_compiler.cc:397] ptxas warning : Registers are spilled to local memory in function 'gemm_fusion_dot_11', 40 bytes spill stores, 40 bytes spill loads

2025-10-02 11:36:52.936811: I external/local_xla/xla/stream_executor/cuda/cuda_asm_compiler.cc:397] ptxas warning : Registers are spilled to local memory in function 'gemm_fusion_dot_11', 132 bytes spill stores, 132 bytes spill loads

2025-10-02 11:36:53.026798: I external/local_xla/xla/stream_executor/cuda/cuda_asm_compiler.cc:397] ptxas warning : Registers are spilled to local memory in function 'gemm_fusion_dot_11', 20 bytes spill stores, 20 bytes spill loads

2025-10-02 11:36:54.933169: I external/local_xla/xla/stream_executor/cuda/cuda_asm_compiler.cc:397] ptxas warning : Registers are spilled to local memory in function 'gemm_fusion_dot_31', 80 bytes spill stores, 80 bytes spill loads

2025-10-02 11:36:54.969303: I external/local_xla/xla/stream_executor/cuda/cuda_asm_compiler.cc:397] ptxas warning : Registers are spilled to local memory in function 'gemm_fusion_dot_31', 56 bytes spill stores, 56 bytes spill loads

2025-10-02 11:36:57.226472: I external/local_xla/xla/stream_executor/cuda/cuda_asm_compiler.cc:397] ptxas warning : Registers are spilled to local memory in function 'gemm_fusion_dot_10', 80 bytes spill stores, 80 bytes spill loads

2025-10-02 11:36:57.256158: I external/local_xla/xla/stream_executor/cuda/cuda_asm_compiler.cc:397] ptxas warning : Registers are spilled to local memory in function 'gemm_fusion_dot_10', 56 bytes spill stores, 56 bytes spill loads

2025-10-02 11:37:19.077190: I external/local_xla/xla/stream_executor/cuda/cuda_asm_compiler.cc:397] ptxas warning : Registers are spilled to local memory in function 'gemm_fusion_dot_10', 56 bytes spill stores, 56 bytes spill loads

2025-10-02 11:37:19.088020: I external/local_xla/xla/stream_executor/cuda/cuda_asm_compiler.cc:397] ptxas warning : Registers are spilled to local memory in function 'gemm_fusion_dot_10', 56 bytes spill stores, 56 bytes spill loads

2025-10-02 11:37:19.955764: I external/local_xla/xla/stream_executor/cuda/cuda_asm_compiler.cc:397] ptxas warning : Registers are spilled to local memory in function 'gemm_fusion_dot_10', 56 bytes spill stores, 56 bytes spill loads

2025-10-02 11:37:19.959568: I external/local_xla/xla/stream_executor/cuda/cuda_asm_compiler.cc:397] ptxas warning : Registers are spilled to local memory in function 'gemm_fusion_dot_10', 80 bytes spill stores, 80 bytes spill loads

                                                                                  [I 2025-10-02 11:37:20,457] Trial 4 finished with value: 132.52968417490476 and parameters: {'seq_len': 6, 'd_model': 96, 'heads': 2, 'ff_dim': 128, 'att_dropout': 0.15257120734941082, 'dropout': 0.3630265895704372, 'lr': 0.00015759936475969445, 'batch': 128, 'epochs': 46}. Best is trial 4 with value: 132.52968417490476.
Best trial: 2. Best value: 133.254:  10%|█         | 4/40 [02:51<24:10, 40.30s/it]Best trial: 4. Best value: 132.53:  10%|█         | 4/40 [02:51<24:10, 40.30s/it] Best trial: 4. Best value: 132.53:  12%|█▎        | 5/40 [02:51<21:27, 36.78s/it]                                                                                 [I 2025-10-02 11:37:40,050] Trial 5 finished with value: 130.55147452250395 and parameters: {'seq_len': 18, 'd_model': 64, 'heads': 2, 'ff_dim': 64, 'att_dropout': 0.1281323365878769, 'dropout': 0.32720590636899727, 'lr': 0.0026328806385787135, 'batch': 128, 'epochs': 57}. Best is trial 5 with value: 130.55147452250395.
Best trial: 4. Best value: 132.53:  12%|█▎        | 5/40 [03:11<21:27, 36.78s/it]Best trial: 5. Best value: 130.551:  12%|█▎        | 5/40 [03:11<21:27, 36.78s/it]Best trial: 5. Best value: 130.551:  15%|█▌        | 6/40 [03:11<17:31, 30.94s/it]2025-10-02 11:37:43.042050: I external/local_xla/xla/stream_executor/cuda/cuda_asm_compiler.cc:397] ptxas warning : Registers are spilled to local memory in function 'gemm_fusion_dot_2431', 8 bytes spill stores, 8 bytes spill loads

2025-10-02 11:37:43.130105: I external/local_xla/xla/stream_executor/cuda/cuda_asm_compiler.cc:397] ptxas warning : Registers are spilled to local memory in function 'gemm_fusion_dot_11', 136 bytes spill stores, 176 bytes spill loads

2025-10-02 11:37:43.135760: I external/local_xla/xla/stream_executor/cuda/cuda_asm_compiler.cc:397] ptxas warning : Registers are spilled to local memory in function 'gemm_fusion_dot_19', 8 bytes spill stores, 8 bytes spill loads

2025-10-02 11:37:43.154256: I external/local_xla/xla/stream_executor/cuda/cuda_asm_compiler.cc:397] ptxas warning : Registers are spilled to local memory in function 'gemm_fusion_dot_11', 92 bytes spill stores, 92 bytes spill loads

2025-10-02 11:37:43.294090: I external/local_xla/xla/stream_executor/cuda/cuda_asm_compiler.cc:397] ptxas warning : Registers are spilled to local memory in function 'gemm_fusion_dot_2431', 8 bytes spill stores, 8 bytes spill loads

2025-10-02 11:37:43.322358: I external/local_xla/xla/stream_executor/cuda/cuda_asm_compiler.cc:397] ptxas warning : Registers are spilled to local memory in function 'gemm_fusion_dot_2431', 24 bytes spill stores, 24 bytes spill loads

2025-10-02 11:37:43.491471: I external/local_xla/xla/stream_executor/cuda/cuda_asm_compiler.cc:397] ptxas warning : Registers are spilled to local memory in function 'gemm_fusion_dot_6', 760 bytes spill stores, 836 bytes spill loads

2025-10-02 11:37:45.821896: I external/local_xla/xla/stream_executor/cuda/cuda_asm_compiler.cc:397] ptxas warning : Registers are spilled to local memory in function 'gemm_fusion_dot_31', 20 bytes spill stores, 20 bytes spill loads

2025-10-02 11:37:45.830349: I external/local_xla/xla/stream_executor/cuda/cuda_asm_compiler.cc:397] ptxas warning : Registers are spilled to local memory in function 'gemm_fusion_dot_6', 12 bytes spill stores, 12 bytes spill loads

2025-10-02 11:37:45.909542: I external/local_xla/xla/stream_executor/cuda/cuda_asm_compiler.cc:397] ptxas warning : Registers are spilled to local memory in function 'gemm_fusion_dot_31', 8 bytes spill stores, 8 bytes spill loads

2025-10-02 11:37:46.467911: I external/local_xla/xla/stream_executor/cuda/cuda_asm_compiler.cc:397] ptxas warning : Registers are spilled to local memory in function 'gemm_fusion_dot_6', 816 bytes spill stores, 956 bytes spill loads

2025-10-02 11:37:48.568459: I external/local_xla/xla/stream_executor/cuda/cuda_asm_compiler.cc:397] ptxas warning : Registers are spilled to local memory in function 'gemm_fusion_dot_10', 8 bytes spill stores, 8 bytes spill loads

2025-10-02 11:37:48.657032: I external/local_xla/xla/stream_executor/cuda/cuda_asm_compiler.cc:397] ptxas warning : Registers are spilled to local memory in function 'gemm_fusion_dot_10', 20 bytes spill stores, 20 bytes spill loads

2025-10-02 11:37:48.673488: I external/local_xla/xla/stream_executor/cuda/cuda_asm_compiler.cc:397] ptxas warning : Registers are spilled to local memory in function 'gemm_fusion_dot_6', 12 bytes spill stores, 12 bytes spill loads

2025-10-02 11:37:48.964465: I external/local_xla/xla/stream_executor/cuda/cuda_asm_compiler.cc:397] ptxas warning : Registers are spilled to local memory in function 'gemm_fusion_dot_6', 816 bytes spill stores, 956 bytes spill loads

2025-10-02 11:38:13.863569: I external/local_xla/xla/stream_executor/cuda/cuda_asm_compiler.cc:397] ptxas warning : Registers are spilled to local memory in function 'gemm_fusion_dot_10', 40 bytes spill stores, 40 bytes spill loads

2025-10-02 11:38:14.142303: I external/local_xla/xla/stream_executor/cuda/cuda_asm_compiler.cc:397] ptxas warning : Registers are spilled to local memory in function 'gemm_fusion_dot_6', 760 bytes spill stores, 836 bytes spill loads

                                                                                  [I 2025-10-02 11:38:15,169] Trial 6 finished with value: 132.64253094548897 and parameters: {'seq_len': 18, 'd_model': 128, 'heads': 2, 'ff_dim': 192, 'att_dropout': 0.15080370696865844, 'dropout': 0.02059150049999574, 'lr': 0.00018041096636818932, 'batch': 64, 'epochs': 79}. Best is trial 5 with value: 130.55147452250395.
Best trial: 5. Best value: 130.551:  15%|█▌        | 6/40 [03:46<17:31, 30.94s/it]Best trial: 5. Best value: 130.551:  15%|█▌        | 6/40 [03:46<17:31, 30.94s/it]Best trial: 5. Best value: 130.551:  18%|█▊        | 7/40 [03:46<17:46, 32.31s/it]                                                                                  [I 2025-10-02 11:38:42,664] Trial 7 finished with value: 235.61040239927863 and parameters: {'seq_len': 6, 'd_model': 64, 'heads': 2, 'ff_dim': 64, 'att_dropout': 0.17726788295647253, 'dropout': 0.271025744736913, 'lr': 5.396916045063646e-05, 'batch': 256, 'epochs': 54}. Best is trial 5 with value: 130.55147452250395.
Best trial: 5. Best value: 130.551:  18%|█▊        | 7/40 [04:13<17:46, 32.31s/it]Best trial: 5. Best value: 130.551:  18%|█▊        | 7/40 [04:13<17:46, 32.31s/it]Best trial: 5. Best value: 130.551:  20%|██        | 8/40 [04:13<16:24, 30.77s/it]2025-10-02 11:38:45.506301: I external/local_xla/xla/stream_executor/cuda/cuda_asm_compiler.cc:397] ptxas warning : Registers are spilled to local memory in function 'gemm_fusion_dot_31', 52 bytes spill stores, 52 bytes spill loads

2025-10-02 11:38:45.539858: I external/local_xla/xla/stream_executor/cuda/cuda_asm_compiler.cc:397] ptxas warning : Registers are spilled to local memory in function 'gemm_fusion_dot_31', 56 bytes spill stores, 56 bytes spill loads

2025-10-02 11:38:45.582734: I external/local_xla/xla/stream_executor/cuda/cuda_asm_compiler.cc:397] ptxas warning : Registers are spilled to local memory in function 'gemm_fusion_dot_6', 4 bytes spill stores, 4 bytes spill loads

2025-10-02 11:38:45.720710: I external/local_xla/xla/stream_executor/cuda/cuda_asm_compiler.cc:397] ptxas warning : Registers are spilled to local memory in function 'gemm_fusion_dot_11', 132 bytes spill stores, 132 bytes spill loads

2025-10-02 11:38:45.766904: I external/local_xla/xla/stream_executor/cuda/cuda_asm_compiler.cc:397] ptxas warning : Registers are spilled to local memory in function 'gemm_fusion_dot_19', 8 bytes spill stores, 8 bytes spill loads

2025-10-02 11:38:45.818684: I external/local_xla/xla/stream_executor/cuda/cuda_asm_compiler.cc:397] ptxas warning : Registers are spilled to local memory in function 'gemm_fusion_dot_11', 32 bytes spill stores, 32 bytes spill loads

2025-10-02 11:38:45.899270: I external/local_xla/xla/stream_executor/cuda/cuda_asm_compiler.cc:397] ptxas warning : Registers are spilled to local memory in function 'gemm_fusion_dot_11', 48 bytes spill stores, 48 bytes spill loads

2025-10-02 11:38:45.983321: I external/local_xla/xla/stream_executor/cuda/cuda_asm_compiler.cc:397] ptxas warning : Registers are spilled to local memory in function 'gemm_fusion_dot_19', 4 bytes spill stores, 4 bytes spill loads

2025-10-02 11:38:48.045148: I external/local_xla/xla/stream_executor/cuda/cuda_asm_compiler.cc:397] ptxas warning : Registers are spilled to local memory in function 'gemm_fusion_dot_6', 64 bytes spill stores, 64 bytes spill loads

2025-10-02 11:38:48.056431: I external/local_xla/xla/stream_executor/cuda/cuda_asm_compiler.cc:397] ptxas warning : Registers are spilled to local memory in function 'gemm_fusion_dot_31', 80 bytes spill stores, 80 bytes spill loads

2025-10-02 11:38:48.158600: I external/local_xla/xla/stream_executor/cuda/cuda_asm_compiler.cc:397] ptxas warning : Registers are spilled to local memory in function 'gemm_fusion_dot_31', 56 bytes spill stores, 56 bytes spill loads

2025-10-02 11:38:48.255507: I external/local_xla/xla/stream_executor/cuda/cuda_asm_compiler.cc:397] ptxas warning : Registers are spilled to local memory in function 'gemm_fusion_dot_6', 56 bytes spill stores, 56 bytes spill loads

2025-10-02 11:38:50.341707: I external/local_xla/xla/stream_executor/cuda/cuda_asm_compiler.cc:397] ptxas warning : Registers are spilled to local memory in function 'gemm_fusion_dot_10', 80 bytes spill stores, 80 bytes spill loads

2025-10-02 11:38:50.406960: I external/local_xla/xla/stream_executor/cuda/cuda_asm_compiler.cc:397] ptxas warning : Registers are spilled to local memory in function 'gemm_fusion_dot_6', 64 bytes spill stores, 64 bytes spill loads

2025-10-02 11:38:50.413771: I external/local_xla/xla/stream_executor/cuda/cuda_asm_compiler.cc:397] ptxas warning : Registers are spilled to local memory in function 'gemm_fusion_dot_10', 56 bytes spill stores, 56 bytes spill loads

2025-10-02 11:38:50.456990: I external/local_xla/xla/stream_executor/cuda/cuda_asm_compiler.cc:397] ptxas warning : Registers are spilled to local memory in function 'gemm_fusion_dot_6', 56 bytes spill stores, 56 bytes spill loads

                                                                                  [I 2025-10-02 11:38:55,630] Trial 8 pruned. Trial was pruned at epoch 11.
Best trial: 5. Best value: 130.551:  20%|██        | 8/40 [04:26<16:24, 30.77s/it]Best trial: 5. Best value: 130.551:  20%|██        | 8/40 [04:26<16:24, 30.77s/it]Best trial: 5. Best value: 130.551:  22%|██▎       | 9/40 [04:26<13:01, 25.21s/it]2025-10-02 11:38:58.587837: I external/local_xla/xla/stream_executor/cuda/cuda_asm_compiler.cc:397] ptxas warning : Registers are spilled to local memory in function 'gemm_fusion_dot_6', 24 bytes spill stores, 24 bytes spill loads

2025-10-02 11:39:00.407226: I external/local_xla/xla/stream_executor/cuda/cuda_asm_compiler.cc:397] ptxas warning : Registers are spilled to local memory in function 'gemm_fusion_dot_6', 12 bytes spill stores, 12 bytes spill loads

2025-10-02 11:39:00.467608: I external/local_xla/xla/stream_executor/cuda/cuda_asm_compiler.cc:397] ptxas warning : Registers are spilled to local memory in function 'gemm_fusion_dot_6', 32 bytes spill stores, 32 bytes spill loads

2025-10-02 11:39:02.152060: I external/local_xla/xla/stream_executor/cuda/cuda_asm_compiler.cc:397] ptxas warning : Registers are spilled to local memory in function 'gemm_fusion_dot_6', 12 bytes spill stores, 12 bytes spill loads

2025-10-02 11:39:02.242924: I external/local_xla/xla/stream_executor/cuda/cuda_asm_compiler.cc:397] ptxas warning : Registers are spilled to local memory in function 'gemm_fusion_dot_6', 32 bytes spill stores, 32 bytes spill loads

                                                                                  [I 2025-10-02 11:39:04,993] Trial 9 pruned. Trial was pruned at epoch 5.
Best trial: 5. Best value: 130.551:  22%|██▎       | 9/40 [04:36<13:01, 25.21s/it]Best trial: 5. Best value: 130.551:  22%|██▎       | 9/40 [04:36<13:01, 25.21s/it]Best trial: 5. Best value: 130.551:  25%|██▌       | 10/40 [04:36<10:09, 20.32s/it]2025-10-02 11:39:07.860365: I external/local_xla/xla/stream_executor/cuda/cuda_asm_compiler.cc:397] ptxas warning : Registers are spilled to local memory in function 'gemm_fusion_dot_11', 8 bytes spill stores, 8 bytes spill loads

                                                                                   [I 2025-10-02 11:39:22,902] Trial 10 finished with value: 131.23903972094203 and parameters: {'seq_len': 18, 'd_model': 32, 'heads': 4, 'ff_dim': 96, 'att_dropout': 0.2656969000433396, 'dropout': 0.21637756327021915, 'lr': 0.004398601675897643, 'batch': 128, 'epochs': 67}. Best is trial 5 with value: 130.55147452250395.
Best trial: 5. Best value: 130.551:  25%|██▌       | 10/40 [04:54<10:09, 20.32s/it]Best trial: 5. Best value: 130.551:  25%|██▌       | 10/40 [04:54<10:09, 20.32s/it]Best trial: 5. Best value: 130.551:  28%|██▊       | 11/40 [04:54<09:27, 19.58s/it]                                                                                   [I 2025-10-02 11:39:37,048] Trial 11 finished with value: 131.43745542081982 and parameters: {'seq_len': 18, 'd_model': 32, 'heads': 4, 'ff_dim': 96, 'att_dropout': 0.2768196177178742, 'dropout': 0.2341054378349269, 'lr': 0.004315750279820266, 'batch': 128, 'epochs': 66}. Best is trial 5 with value: 130.55147452250395.
