Best trial: 224. Best value: 130.342:  91%|█████████▏| 32/35 [12:49<00:47, 15.95s/it]Best trial: 224. Best value: 130.342:  91%|█████████▏| 32/35 [12:49<00:47, 15.95s/it]Best trial: 224. Best value: 130.342:  94%|█████████▍| 33/35 [12:49<00:31, 15.51s/it]                                                                                     [I 2025-10-02 11:34:00,563] Trial 243 finished with value: 131.185914413953 and parameters: {'seq_len': 18, 'filters': 64, 'kernel_size': 2, 'pool': 1, 'lstm_units': 96, 'dropout': 0.1941814739193983, 'lr': 0.004986639931780985, 'batch': 64, 'epochs': 78}. Best is trial 224 with value: 130.34218037295142.
Best trial: 224. Best value: 130.342:  94%|█████████▍| 33/35 [13:28<00:31, 15.51s/it]Best trial: 224. Best value: 130.342:  94%|█████████▍| 33/35 [13:28<00:31, 15.51s/it]Best trial: 224. Best value: 130.342:  97%|█████████▋| 34/35 [13:28<00:22, 22.48s/it]                                                                                     [I 2025-10-02 11:34:28,267] Trial 244 finished with value: 131.4028499857404 and parameters: {'seq_len': 18, 'filters': 64, 'kernel_size': 2, 'pool': 1, 'lstm_units': 96, 'dropout': 0.17715135442412183, 'lr': 0.0042628580426721675, 'batch': 64, 'epochs': 69}. Best is trial 224 with value: 130.34218037295142.
Best trial: 224. Best value: 130.342:  97%|█████████▋| 34/35 [13:56<00:22, 22.48s/it]Best trial: 224. Best value: 130.342:  97%|█████████▋| 34/35 [13:56<00:22, 22.48s/it]Best trial: 224. Best value: 130.342: 100%|██████████| 35/35 [13:56<00:00, 24.05s/it]Best trial: 224. Best value: 130.342: 100%|██████████| 35/35 [13:56<00:00, 23.90s/it]
/home/e.ladino/miniconda3/envs/e_ladino/lib/python3.12/site-packages/keras/src/saving/saving_lib.py:797: UserWarning: Skipping variable loading for optimizer 'adam', because it has 2 variables whereas the saved optimizer has 16 variables. 
  saveable.load_own_variables(weights_store.get(inner_path))
Best CNN-LSTM params: {'seq_len': 18, 'filters': 64, 'kernel_size': 2, 'pool': 1, 'lstm_units': 96, 'dropout': 0.17179164641779437, 'lr': 0.0036658620203932875, 'batch': 64, 'epochs': 68}
CNN-LSTM test → RMSE: 137.7888 | MAE: 71.1117 | R2: 0.7140 | Skill: 0.298
/mnt/SOLARLAB/E_Ladino/Repo/irradiance-fusion-forecast/Notebooks/05_ground_hpo_optuna_v1.py:123: FutureWarning: The import path :class:`~optuna.storages.JournalFileOpenLock` has been deprecated in v4.0.0. This feature will be removed in v6.0.0. See https://github.com/optuna/optuna/releases/tag/v4.0.0. Use :class:`~optuna.storages.journal.JournalFileOpenLock` instead.
  file_storage = JournalFileStorage(str(log_path), lock_obj=JournalFileOpenLock(str(lock_path)))
/mnt/SOLARLAB/E_Ladino/Repo/irradiance-fusion-forecast/Notebooks/05_ground_hpo_optuna_v1.py:123: FutureWarning: JournalFileStorage has been deprecated in v4.0.0. This feature will be removed in v6.0.0. See https://github.com/optuna/optuna/releases/tag/v4.0.0. Use :class:`~optuna.storages.journal.JournalFileBackend` instead.
  file_storage = JournalFileStorage(str(log_path), lock_obj=JournalFileOpenLock(str(lock_path)))
[I 2025-10-02 11:34:28,855] A new study created in Journal with name: ground_trackB_transformer
Running Study B4 (Transformer)…
  0%|          | 0/40 [00:00<?, ?it/s]2025-10-02 11:34:33.236807: I external/local_xla/xla/stream_executor/cuda/cuda_asm_compiler.cc:397] ptxas warning : Registers are spilled to local memory in function 'gemm_fusion_dot_6', 360 bytes spill stores, 360 bytes spill loads

2025-10-02 11:34:33.258531: I external/local_xla/xla/stream_executor/cuda/cuda_asm_compiler.cc:397] ptxas warning : Registers are spilled to local memory in function 'gemm_fusion_dot_11', 144 bytes spill stores, 144 bytes spill loads

2025-10-02 11:34:33.344676: I external/local_xla/xla/stream_executor/cuda/cuda_asm_compiler.cc:397] ptxas warning : Registers are spilled to local memory in function 'gemm_fusion_dot_6', 332 bytes spill stores, 332 bytes spill loads

2025-10-02 11:34:35.430826: I external/local_xla/xla/stream_executor/cuda/cuda_asm_compiler.cc:397] ptxas warning : Registers are spilled to local memory in function 'gemm_fusion_dot_31', 20 bytes spill stores, 20 bytes spill loads

2025-10-02 11:34:35.680984: I external/local_xla/xla/stream_executor/cuda/cuda_asm_compiler.cc:397] ptxas warning : Registers are spilled to local memory in function 'gemm_fusion_dot_6', 200 bytes spill stores, 200 bytes spill loads

2025-10-02 11:34:35.728138: I external/local_xla/xla/stream_executor/cuda/cuda_asm_compiler.cc:397] ptxas warning : Registers are spilled to local memory in function 'gemm_fusion_dot_31', 8 bytes spill stores, 8 bytes spill loads

2025-10-02 11:34:35.842160: I external/local_xla/xla/stream_executor/cuda/cuda_asm_compiler.cc:397] ptxas warning : Registers are spilled to local memory in function 'gemm_fusion_dot_6', 168 bytes spill stores, 168 bytes spill loads

2025-10-02 11:34:37.776742: I external/local_xla/xla/stream_executor/cuda/cuda_asm_compiler.cc:397] ptxas warning : Registers are spilled to local memory in function 'gemm_fusion_dot_10', 8 bytes spill stores, 8 bytes spill loads

2025-10-02 11:34:37.794035: I external/local_xla/xla/stream_executor/cuda/cuda_asm_compiler.cc:397] ptxas warning : Registers are spilled to local memory in function 'gemm_fusion_dot_10', 20 bytes spill stores, 20 bytes spill loads

2025-10-02 11:34:37.863249: I external/local_xla/xla/stream_executor/cuda/cuda_asm_compiler.cc:397] ptxas warning : Registers are spilled to local memory in function 'gemm_fusion_dot_6', 168 bytes spill stores, 168 bytes spill loads

2025-10-02 11:34:37.966075: I external/local_xla/xla/stream_executor/cuda/cuda_asm_compiler.cc:397] ptxas warning : Registers are spilled to local memory in function 'gemm_fusion_dot_6', 200 bytes spill stores, 200 bytes spill loads

2025-10-02 11:34:51.039613: I external/local_xla/xla/stream_executor/cuda/cuda_asm_compiler.cc:397] ptxas warning : Registers are spilled to local memory in function 'gemm_fusion_dot_6', 360 bytes spill stores, 360 bytes spill loads

2025-10-02 11:34:51.125752: I external/local_xla/xla/stream_executor/cuda/cuda_asm_compiler.cc:397] ptxas warning : Registers are spilled to local memory in function 'gemm_fusion_dot_6', 200 bytes spill stores, 200 bytes spill loads

2025-10-02 11:34:51.844891: I external/local_xla/xla/stream_executor/cuda/cuda_asm_compiler.cc:397] ptxas warning : Registers are spilled to local memory in function 'gemm_fusion_dot_10', 8 bytes spill stores, 8 bytes spill loads

2025-10-02 11:34:51.865744: I external/local_xla/xla/stream_executor/cuda/cuda_asm_compiler.cc:397] ptxas warning : Registers are spilled to local memory in function 'gemm_fusion_dot_10', 20 bytes spill stores, 20 bytes spill loads

2025-10-02 11:34:51.963805: I external/local_xla/xla/stream_executor/cuda/cuda_asm_compiler.cc:397] ptxas warning : Registers are spilled to local memory in function 'gemm_fusion_dot_6', 200 bytes spill stores, 200 bytes spill loads

2025-10-02 11:34:51.970596: I external/local_xla/xla/stream_executor/cuda/cuda_asm_compiler.cc:397] ptxas warning : Registers are spilled to local memory in function 'gemm_fusion_dot_6', 168 bytes spill stores, 168 bytes spill loads

                                      [I 2025-10-02 11:34:52,901] Trial 0 finished with value: 134.90402404348433 and parameters: {'seq_len': 12, 'd_model': 128, 'heads': 4, 'ff_dim': 64, 'att_dropout': 0.055021352956030146, 'dropout': 0.1216968971838151, 'lr': 0.0005603803105930283, 'batch': 256, 'epochs': 51}. Best is trial 0 with value: 134.90402404348433.
  0%|          | 0/40 [00:24<?, ?it/s]Best trial: 0. Best value: 134.904:   0%|          | 0/40 [00:24<?, ?it/s]Best trial: 0. Best value: 134.904:   2%|▎         | 1/40 [00:24<15:37, 24.05s/it]2025-10-02 11:34:55.760659: I external/local_xla/xla/stream_executor/cuda/cuda_asm_compiler.cc:397] ptxas warning : Registers are spilled to local memory in function 'gemm_fusion_dot_31', 56 bytes spill stores, 56 bytes spill loads

2025-10-02 11:34:55.781315: I external/local_xla/xla/stream_executor/cuda/cuda_asm_compiler.cc:397] ptxas warning : Registers are spilled to local memory in function 'gemm_fusion_dot_31', 52 bytes spill stores, 52 bytes spill loads

2025-10-02 11:34:55.820802: I external/local_xla/xla/stream_executor/cuda/cuda_asm_compiler.cc:397] ptxas warning : Registers are spilled to local memory in function 'gemm_fusion_dot_6', 56 bytes spill stores, 56 bytes spill loads

2025-10-02 11:34:55.861946: I external/local_xla/xla/stream_executor/cuda/cuda_asm_compiler.cc:397] ptxas warning : Registers are spilled to local memory in function 'gemm_fusion_dot_19', 4 bytes spill stores, 4 bytes spill loads

2025-10-02 11:34:56.052075: I external/local_xla/xla/stream_executor/cuda/cuda_asm_compiler.cc:397] ptxas warning : Registers are spilled to local memory in function 'gemm_fusion_dot_2435', 12 bytes spill stores, 12 bytes spill loads

2025-10-02 11:34:56.124380: I external/local_xla/xla/stream_executor/cuda/cuda_asm_compiler.cc:397] ptxas warning : Registers are spilled to local memory in function 'gemm_fusion_dot_19', 12 bytes spill stores, 12 bytes spill loads

2025-10-02 11:34:56.199593: I external/local_xla/xla/stream_executor/cuda/cuda_asm_compiler.cc:397] ptxas warning : Registers are spilled to local memory in function 'gemm_fusion_dot_6', 52 bytes spill stores, 52 bytes spill loads

2025-10-02 11:34:56.249640: I external/local_xla/xla/stream_executor/cuda/cuda_asm_compiler.cc:397] ptxas warning : Registers are spilled to local memory in function 'gemm_fusion_dot_11', 52 bytes spill stores, 52 bytes spill loads

2025-10-02 11:34:56.270657: I external/local_xla/xla/stream_executor/cuda/cuda_asm_compiler.cc:397] ptxas warning : Registers are spilled to local memory in function 'gemm_fusion_dot_11', 44 bytes spill stores, 44 bytes spill loads

2025-10-02 11:34:58.427519: I external/local_xla/xla/stream_executor/cuda/cuda_asm_compiler.cc:397] ptxas warning : Registers are spilled to local memory in function 'gemm_fusion_dot_31', 56 bytes spill stores, 56 bytes spill loads

2025-10-02 11:34:58.437047: I external/local_xla/xla/stream_executor/cuda/cuda_asm_compiler.cc:397] ptxas warning : Registers are spilled to local memory in function 'gemm_fusion_dot_31', 56 bytes spill stores, 56 bytes spill loads

2025-10-02 11:34:58.679560: I external/local_xla/xla/stream_executor/cuda/cuda_asm_compiler.cc:397] ptxas warning : Registers are spilled to local memory in function 'gemm_fusion_dot_6', 56 bytes spill stores, 56 bytes spill loads

2025-10-02 11:34:58.844362: I external/local_xla/xla/stream_executor/cuda/cuda_asm_compiler.cc:397] ptxas warning : Registers are spilled to local memory in function 'gemm_fusion_dot_6', 56 bytes spill stores, 56 bytes spill loads

2025-10-02 11:35:00.031641: I external/local_xla/xla/stream_executor/cuda/cuda_asm_compiler.cc:397] ptxas warning : Registers are spilled to local memory in function 'input_add_multiply_reduce_fusion', 40 bytes spill stores, 24 bytes spill loads

2025-10-02 11:35:01.005759: I external/local_xla/xla/stream_executor/cuda/cuda_asm_compiler.cc:397] ptxas warning : Registers are spilled to local memory in function 'gemm_fusion_dot_10', 80 bytes spill stores, 80 bytes spill loads

2025-10-02 11:35:01.084264: I external/local_xla/xla/stream_executor/cuda/cuda_asm_compiler.cc:397] ptxas warning : Registers are spilled to local memory in function 'gemm_fusion_dot_6', 56 bytes spill stores, 56 bytes spill loads

2025-10-02 11:35:01.140842: I external/local_xla/xla/stream_executor/cuda/cuda_asm_compiler.cc:397] ptxas warning : Registers are spilled to local memory in function 'gemm_fusion_dot_6', 80 bytes spill stores, 80 bytes spill loads

2025-10-02 11:35:01.154272: I external/local_xla/xla/stream_executor/cuda/cuda_asm_compiler.cc:397] ptxas warning : Registers are spilled to local memory in function 'gemm_fusion_dot_10', 56 bytes spill stores, 56 bytes spill loads

2025-10-02 11:35:18.899899: I external/local_xla/xla/stream_executor/cuda/cuda_asm_compiler.cc:397] ptxas warning : Registers are spilled to local memory in function 'gemm_fusion_dot_10', 52 bytes spill stores, 52 bytes spill loads

2025-10-02 11:35:18.908647: I external/local_xla/xla/stream_executor/cuda/cuda_asm_compiler.cc:397] ptxas warning : Registers are spilled to local memory in function 'gemm_fusion_dot_10', 56 bytes spill stores, 56 bytes spill loads

2025-10-02 11:35:18.933100: I external/local_xla/xla/stream_executor/cuda/cuda_asm_compiler.cc:397] ptxas warning : Registers are spilled to local memory in function 'gemm_fusion_dot_6', 56 bytes spill stores, 56 bytes spill loads

2025-10-02 11:35:19.013283: I external/local_xla/xla/stream_executor/cuda/cuda_asm_compiler.cc:397] ptxas warning : Registers are spilled to local memory in function 'gemm_fusion_dot_6', 52 bytes spill stores, 52 bytes spill loads

2025-10-02 11:35:19.906312: I external/local_xla/xla/stream_executor/cuda/cuda_asm_compiler.cc:397] ptxas warning : Registers are spilled to local memory in function 'gemm_fusion_dot_10', 80 bytes spill stores, 80 bytes spill loads

2025-10-02 11:35:19.927892: I external/local_xla/xla/stream_executor/cuda/cuda_asm_compiler.cc:397] ptxas warning : Registers are spilled to local memory in function 'gemm_fusion_dot_6', 80 bytes spill stores, 80 bytes spill loads

2025-10-02 11:35:20.007122: I external/local_xla/xla/stream_executor/cuda/cuda_asm_compiler.cc:397] ptxas warning : Registers are spilled to local memory in function 'gemm_fusion_dot_6', 56 bytes spill stores, 56 bytes spill loads

2025-10-02 11:35:20.008791: I external/local_xla/xla/stream_executor/cuda/cuda_asm_compiler.cc:397] ptxas warning : Registers are spilled to local memory in function 'gemm_fusion_dot_10', 56 bytes spill stores, 56 bytes spill loads

                                                                                  [I 2025-10-02 11:35:20,571] Trial 1 finished with value: 133.68625087074213 and parameters: {'seq_len': 24, 'd_model': 96, 'heads': 2, 'ff_dim': 96, 'att_dropout': 0.029301634201915158, 'dropout': 0.2736932106048628, 'lr': 0.0003795552402641347, 'batch': 128, 'epochs': 113}. Best is trial 1 with value: 133.68625087074213.
Best trial: 0. Best value: 134.904:   2%|▎         | 1/40 [00:51<15:37, 24.05s/it]Best trial: 1. Best value: 133.686:   2%|▎         | 1/40 [00:51<15:37, 24.05s/it]Best trial: 1. Best value: 133.686:   5%|▌         | 2/40 [00:51<16:34, 26.18s/it]2025-10-02 11:35:23.609976: I external/local_xla/xla/stream_executor/cuda/cuda_asm_compiler.cc:397] ptxas warning : Registers are spilled to local memory in function 'gemm_fusion_dot_6', 4 bytes spill stores, 4 bytes spill loads

2025-10-02 11:35:23.760406: I external/local_xla/xla/stream_executor/cuda/cuda_asm_compiler.cc:397] ptxas warning : Registers are spilled to local memory in function 'gemm_fusion_dot_11', 44 bytes spill stores, 44 bytes spill loads

2025-10-02 11:35:23.803790: I external/local_xla/xla/stream_executor/cuda/cuda_asm_compiler.cc:397] ptxas warning : Registers are spilled to local memory in function 'gemm_fusion_dot_11', 52 bytes spill stores, 52 bytes spill loads

2025-10-02 11:35:26.068789: I external/local_xla/xla/stream_executor/cuda/cuda_asm_compiler.cc:397] ptxas warning : Registers are spilled to local memory in function 'gemm_fusion_dot_31', 80 bytes spill stores, 80 bytes spill loads

2025-10-02 11:35:26.071346: I external/local_xla/xla/stream_executor/cuda/cuda_asm_compiler.cc:397] ptxas warning : Registers are spilled to local memory in function 'gemm_fusion_dot_31', 56 bytes spill stores, 56 bytes spill loads

2025-10-02 11:35:26.338827: I external/local_xla/xla/stream_executor/cuda/cuda_asm_compiler.cc:397] ptxas warning : Registers are spilled to local memory in function 'gemm_fusion_dot_6', 64 bytes spill stores, 64 bytes spill loads

2025-10-02 11:35:26.434823: I external/local_xla/xla/stream_executor/cuda/cuda_asm_compiler.cc:397] ptxas warning : Registers are spilled to local memory in function 'gemm_fusion_dot_6', 56 bytes spill stores, 56 bytes spill loads

2025-10-02 11:35:28.483121: I external/local_xla/xla/stream_executor/cuda/cuda_asm_compiler.cc:397] ptxas warning : Registers are spilled to local memory in function 'gemm_fusion_dot_10', 80 bytes spill stores, 80 bytes spill loads

2025-10-02 11:35:28.515768: I external/local_xla/xla/stream_executor/cuda/cuda_asm_compiler.cc:397] ptxas warning : Registers are spilled to local memory in function 'gemm_fusion_dot_10', 56 bytes spill stores, 56 bytes spill loads

2025-10-02 11:35:28.534438: I external/local_xla/xla/stream_executor/cuda/cuda_asm_compiler.cc:397] ptxas warning : Registers are spilled to local memory in function 'gemm_fusion_dot_6', 64 bytes spill stores, 64 bytes spill loads

2025-10-02 11:35:28.638094: I external/local_xla/xla/stream_executor/cuda/cuda_asm_compiler.cc:397] ptxas warning : Registers are spilled to local memory in function 'gemm_fusion_dot_6', 56 bytes spill stores, 56 bytes spill loads

2025-10-02 11:35:49.816108: I external/local_xla/xla/stream_executor/cuda/cuda_asm_compiler.cc:397] ptxas warning : Registers are spilled to local memory in function 'gemm_fusion_dot_10', 52 bytes spill stores, 52 bytes spill loads

2025-10-02 11:35:49.857289: I external/local_xla/xla/stream_executor/cuda/cuda_asm_compiler.cc:397] ptxas warning : Registers are spilled to local memory in function 'gemm_fusion_dot_6', 64 bytes spill stores, 64 bytes spill loads

2025-10-02 11:35:49.969964: I external/local_xla/xla/stream_executor/cuda/cuda_asm_compiler.cc:397] ptxas warning : Registers are spilled to local memory in function 'gemm_fusion_dot_10', 56 bytes spill stores, 56 bytes spill loads

