Best trial: 5. Best value: 130.551:  28%|██▊       | 11/40 [05:08<09:27, 19.58s/it]Best trial: 5. Best value: 130.551:  28%|██▊       | 11/40 [05:08<09:27, 19.58s/it]Best trial: 5. Best value: 130.551:  30%|███       | 12/40 [05:08<08:21, 17.93s/it]                                                                                   [I 2025-10-02 11:39:54,006] Trial 12 finished with value: 131.55227098001768 and parameters: {'seq_len': 18, 'd_model': 32, 'heads': 4, 'ff_dim': 96, 'att_dropout': 0.23003744843603396, 'dropout': 0.3286476985312, 'lr': 0.004795195315344619, 'batch': 128, 'epochs': 65}. Best is trial 5 with value: 130.55147452250395.
Best trial: 5. Best value: 130.551:  30%|███       | 12/40 [05:25<08:21, 17.93s/it]Best trial: 5. Best value: 130.551:  30%|███       | 12/40 [05:25<08:21, 17.93s/it]Best trial: 5. Best value: 130.551:  32%|███▎      | 13/40 [05:25<07:56, 17.63s/it]                                                                                   [I 2025-10-02 11:40:06,815] Trial 13 pruned. Trial was pruned at epoch 13.
Best trial: 5. Best value: 130.551:  32%|███▎      | 13/40 [05:37<07:56, 17.63s/it]Best trial: 5. Best value: 130.551:  32%|███▎      | 13/40 [05:37<07:56, 17.63s/it]Best trial: 5. Best value: 130.551:  35%|███▌      | 14/40 [05:37<07:00, 16.18s/it]                                                                                   [I 2025-10-02 11:40:21,364] Trial 14 finished with value: 132.04969915480686 and parameters: {'seq_len': 18, 'd_model': 64, 'heads': 8, 'ff_dim': 64, 'att_dropout': 0.11021366616600473, 'dropout': 0.05860133123202543, 'lr': 0.0020355391556783277, 'batch': 128, 'epochs': 76}. Best is trial 5 with value: 130.55147452250395.
Best trial: 5. Best value: 130.551:  35%|███▌      | 14/40 [05:52<07:00, 16.18s/it]Best trial: 5. Best value: 130.551:  35%|███▌      | 14/40 [05:52<07:00, 16.18s/it]Best trial: 5. Best value: 130.551:  38%|███▊      | 15/40 [05:52<06:32, 15.69s/it]                                                                                   [I 2025-10-02 11:40:37,019] Trial 15 finished with value: 133.15568161695165 and parameters: {'seq_len': 18, 'd_model': 32, 'heads': 2, 'ff_dim': 96, 'att_dropout': 0.10870911227942853, 'dropout': 0.3930744627111219, 'lr': 0.002120730840203389, 'batch': 128, 'epochs': 43}. Best is trial 5 with value: 130.55147452250395.
Best trial: 5. Best value: 130.551:  38%|███▊      | 15/40 [06:08<06:32, 15.69s/it]Best trial: 5. Best value: 130.551:  38%|███▊      | 15/40 [06:08<06:32, 15.69s/it]Best trial: 5. Best value: 130.551:  40%|████      | 16/40 [06:08<06:16, 15.68s/it]2025-10-02 11:40:39.951186: I external/local_xla/xla/stream_executor/cuda/cuda_asm_compiler.cc:397] ptxas warning : Registers are spilled to local memory in function 'gemm_fusion_dot_6', 24 bytes spill stores, 24 bytes spill loads

2025-10-02 11:40:42.268455: I external/local_xla/xla/stream_executor/cuda/cuda_asm_compiler.cc:397] ptxas warning : Registers are spilled to local memory in function 'gemm_fusion_dot_6', 12 bytes spill stores, 12 bytes spill loads

2025-10-02 11:40:42.403441: I external/local_xla/xla/stream_executor/cuda/cuda_asm_compiler.cc:397] ptxas warning : Registers are spilled to local memory in function 'gemm_fusion_dot_6', 32 bytes spill stores, 32 bytes spill loads

2025-10-02 11:40:44.092944: I external/local_xla/xla/stream_executor/cuda/cuda_asm_compiler.cc:397] ptxas warning : Registers are spilled to local memory in function 'gemm_fusion_dot_6', 12 bytes spill stores, 12 bytes spill loads

2025-10-02 11:40:44.219780: I external/local_xla/xla/stream_executor/cuda/cuda_asm_compiler.cc:397] ptxas warning : Registers are spilled to local memory in function 'gemm_fusion_dot_6', 32 bytes spill stores, 32 bytes spill loads

2025-10-02 11:41:00.056382: I external/local_xla/xla/stream_executor/cuda/cuda_asm_compiler.cc:397] ptxas warning : Registers are spilled to local memory in function 'gemm_fusion_dot_6', 32 bytes spill stores, 32 bytes spill loads

                                                                                   [I 2025-10-02 11:41:00,858] Trial 16 finished with value: 132.47323579925495 and parameters: {'seq_len': 18, 'd_model': 64, 'heads': 4, 'ff_dim': 128, 'att_dropout': 0.22912421847445585, 'dropout': 0.1967325735291586, 'lr': 0.0011728731639184698, 'batch': 64, 'epochs': 59}. Best is trial 5 with value: 130.55147452250395.
Best trial: 5. Best value: 130.551:  40%|████      | 16/40 [06:32<06:16, 15.68s/it]Best trial: 5. Best value: 130.551:  40%|████      | 16/40 [06:32<06:16, 15.68s/it]Best trial: 5. Best value: 130.551:  42%|████▎     | 17/40 [06:32<06:57, 18.13s/it]2025-10-02 11:41:03.881779: I external/local_xla/xla/stream_executor/cuda/cuda_asm_compiler.cc:397] ptxas warning : Registers are spilled to local memory in function 'gemm_fusion_dot_6', 432 bytes spill stores, 432 bytes spill loads

2025-10-02 11:41:05.919160: I external/local_xla/xla/stream_executor/cuda/cuda_asm_compiler.cc:397] ptxas warning : Registers are spilled to local memory in function 'gemm_fusion_dot_6', 440 bytes spill stores, 440 bytes spill loads

2025-10-02 11:41:07.736899: I external/local_xla/xla/stream_executor/cuda/cuda_asm_compiler.cc:397] ptxas warning : Registers are spilled to local memory in function 'gemm_fusion_dot_6', 440 bytes spill stores, 440 bytes spill loads

2025-10-02 11:41:16.379619: I external/local_xla/xla/stream_executor/cuda/cuda_asm_compiler.cc:397] ptxas warning : Registers are spilled to local memory in function 'gemm_fusion_dot_6', 432 bytes spill stores, 432 bytes spill loads

2025-10-02 11:41:17.180340: I external/local_xla/xla/stream_executor/cuda/cuda_asm_compiler.cc:397] ptxas warning : Registers are spilled to local memory in function 'gemm_fusion_dot_6', 440 bytes spill stores, 440 bytes spill loads

                                                                                   [I 2025-10-02 11:41:17,504] Trial 17 finished with value: 132.80528656881472 and parameters: {'seq_len': 12, 'd_model': 32, 'heads': 2, 'ff_dim': 192, 'att_dropout': 0.19296687176210076, 'dropout': 0.3183509774407929, 'lr': 0.0031904749325246434, 'batch': 128, 'epochs': 97}. Best is trial 5 with value: 130.55147452250395.
Best trial: 5. Best value: 130.551:  42%|████▎     | 17/40 [06:48<06:57, 18.13s/it]Best trial: 5. Best value: 130.551:  42%|████▎     | 17/40 [06:48<06:57, 18.13s/it]Best trial: 5. Best value: 130.551:  45%|████▌     | 18/40 [06:48<06:29, 17.68s/it]                                                                                   [I 2025-10-02 11:41:34,918] Trial 18 finished with value: 132.69395444734852 and parameters: {'seq_len': 24, 'd_model': 64, 'heads': 4, 'ff_dim': 64, 'att_dropout': 0.2557086394185196, 'dropout': 0.23660706839829032, 'lr': 0.0011351960230394041, 'batch': 128, 'epochs': 72}. Best is trial 5 with value: 130.55147452250395.
Best trial: 5. Best value: 130.551:  45%|████▌     | 18/40 [07:06<06:29, 17.68s/it]Best trial: 5. Best value: 130.551:  45%|████▌     | 18/40 [07:06<06:29, 17.68s/it]Best trial: 5. Best value: 130.551:  48%|████▊     | 19/40 [07:06<06:09, 17.60s/it]                                                                                   [I 2025-10-02 11:42:04,623] Trial 19 finished with value: 132.63792202599905 and parameters: {'seq_len': 18, 'd_model': 32, 'heads': 8, 'ff_dim': 96, 'att_dropout': 0.2936790424159005, 'dropout': 0.08329733180488061, 'lr': 0.003049874356258627, 'batch': 64, 'epochs': 87}. Best is trial 5 with value: 130.55147452250395.
Best trial: 5. Best value: 130.551:  48%|████▊     | 19/40 [07:35<06:09, 17.60s/it]Best trial: 5. Best value: 130.551:  48%|████▊     | 19/40 [07:35<06:09, 17.60s/it]Best trial: 5. Best value: 130.551:  50%|█████     | 20/40 [07:35<07:04, 21.24s/it]2025-10-02 11:42:07.686505: I external/local_xla/xla/stream_executor/cuda/cuda_asm_compiler.cc:397] ptxas warning : Registers are spilled to local memory in function 'gemm_fusion_dot_6', 52 bytes spill stores, 52 bytes spill loads

2025-10-02 11:42:09.692733: I external/local_xla/xla/stream_executor/cuda/cuda_asm_compiler.cc:397] ptxas warning : Registers are spilled to local memory in function 'gemm_fusion_dot_6', 48 bytes spill stores, 48 bytes spill loads

2025-10-02 11:42:11.674612: I external/local_xla/xla/stream_executor/cuda/cuda_asm_compiler.cc:397] ptxas warning : Registers are spilled to local memory in function 'gemm_fusion_dot_6', 48 bytes spill stores, 48 bytes spill loads

                                                                                   [I 2025-10-02 11:42:16,087] Trial 20 pruned. Trial was pruned at epoch 5.
Best trial: 5. Best value: 130.551:  50%|█████     | 20/40 [07:47<07:04, 21.24s/it]Best trial: 5. Best value: 130.551:  50%|█████     | 20/40 [07:47<07:04, 21.24s/it]Best trial: 5. Best value: 130.551:  52%|█████▎    | 21/40 [07:47<05:47, 18.30s/it]                                                                                   [I 2025-10-02 11:42:37,011] Trial 21 finished with value: 131.95604736994815 and parameters: {'seq_len': 18, 'd_model': 32, 'heads': 4, 'ff_dim': 96, 'att_dropout': 0.2958513129930469, 'dropout': 0.23569979385606812, 'lr': 0.004622072035289838, 'batch': 128, 'epochs': 69}. Best is trial 5 with value: 130.55147452250395.
Best trial: 5. Best value: 130.551:  52%|█████▎    | 21/40 [08:08<05:47, 18.30s/it]Best trial: 5. Best value: 130.551:  52%|█████▎    | 21/40 [08:08<05:47, 18.30s/it]Best trial: 5. Best value: 130.551:  55%|█████▌    | 22/40 [08:08<05:43, 19.09s/it]                                                                                   [I 2025-10-02 11:42:50,637] Trial 22 finished with value: 132.48404974750733 and parameters: {'seq_len': 18, 'd_model': 32, 'heads': 4, 'ff_dim': 96, 'att_dropout': 0.25242520587731854, 'dropout': 0.2385224768025978, 'lr': 0.003142983777410996, 'batch': 128, 'epochs': 65}. Best is trial 5 with value: 130.55147452250395.
Best trial: 5. Best value: 130.551:  55%|█████▌    | 22/40 [08:21<05:43, 19.09s/it]Best trial: 5. Best value: 130.551:  55%|█████▌    | 22/40 [08:21<05:43, 19.09s/it]Best trial: 5. Best value: 130.551:  57%|█████▊    | 23/40 [08:21<04:56, 17.45s/it]                                                                                   [I 2025-10-02 11:43:12,222] Trial 23 finished with value: 131.5100994220596 and parameters: {'seq_len': 18, 'd_model': 32, 'heads': 4, 'ff_dim': 96, 'att_dropout': 0.12311909601399308, 'dropout': 0.3138767589084085, 'lr': 0.004831049494771302, 'batch': 128, 'epochs': 60}. Best is trial 5 with value: 130.55147452250395.
Best trial: 5. Best value: 130.551:  57%|█████▊    | 23/40 [08:43<04:56, 17.45s/it]Best trial: 5. Best value: 130.551:  57%|█████▊    | 23/40 [08:43<04:56, 17.45s/it]Best trial: 5. Best value: 130.551:  60%|██████    | 24/40 [08:43<04:59, 18.69s/it]                                                                                   [I 2025-10-02 11:43:20,923] Trial 24 pruned. Trial was pruned at epoch 5.
Best trial: 5. Best value: 130.551:  60%|██████    | 24/40 [08:52<04:59, 18.69s/it]Best trial: 5. Best value: 130.551:  60%|██████    | 24/40 [08:52<04:59, 18.69s/it]Best trial: 5. Best value: 130.551:  62%|██████▎   | 25/40 [08:52<03:55, 15.69s/it]                                                                                   [I 2025-10-02 11:43:38,695] Trial 25 finished with value: 131.48435178995635 and parameters: {'seq_len': 18, 'd_model': 32, 'heads': 2, 'ff_dim': 64, 'att_dropout': 0.27095276636978716, 'dropout': 0.2918551168222958, 'lr': 0.0026603766553758767, 'batch': 128, 'epochs': 40}. Best is trial 5 with value: 130.55147452250395.
Best trial: 5. Best value: 130.551:  62%|██████▎   | 25/40 [09:09<03:55, 15.69s/it]Best trial: 5. Best value: 130.551:  62%|██████▎   | 25/40 [09:09<03:55, 15.69s/it]Best trial: 5. Best value: 130.551:  65%|██████▌   | 26/40 [09:09<03:48, 16.32s/it]2025-10-02 11:43:42.257758: I external/local_xla/xla/stream_executor/cuda/cuda_asm_compiler.cc:397] ptxas warning : Registers are spilled to local memory in function 'gemm_fusion_dot_6', 24 bytes spill stores, 24 bytes spill loads

2025-10-02 11:43:44.207727: I external/local_xla/xla/stream_executor/cuda/cuda_asm_compiler.cc:397] ptxas warning : Registers are spilled to local memory in function 'gemm_fusion_dot_6', 32 bytes spill stores, 32 bytes spill loads

2025-10-02 11:43:45.923814: I external/local_xla/xla/stream_executor/cuda/cuda_asm_compiler.cc:397] ptxas warning : Registers are spilled to local memory in function 'gemm_fusion_dot_6', 12 bytes spill stores, 12 bytes spill loads

2025-10-02 11:43:45.975226: I external/local_xla/xla/stream_executor/cuda/cuda_asm_compiler.cc:397] ptxas warning : Registers are spilled to local memory in function 'gemm_fusion_dot_6', 32 bytes spill stores, 32 bytes spill loads

                                                                                   [I 2025-10-02 11:43:49,909] Trial 26 pruned. Trial was pruned at epoch 5.
Best trial: 5. Best value: 130.551:  65%|██████▌   | 26/40 [09:21<03:48, 16.32s/it]Best trial: 5. Best value: 130.551:  65%|██████▌   | 26/40 [09:21<03:48, 16.32s/it]Best trial: 5. Best value: 130.551:  68%|██████▊   | 27/40 [09:21<03:12, 14.79s/it]2025-10-02 11:43:54.681541: I external/local_xla/xla/stream_executor/cuda/cuda_asm_compiler.cc:397] ptxas warning : Registers are spilled to local memory in function 'gemm_fusion_dot_6', 760 bytes spill stores, 836 bytes spill loads

2025-10-02 11:43:56.698231: I external/local_xla/xla/stream_executor/cuda/cuda_asm_compiler.cc:397] ptxas warning : Registers are spilled to local memory in function 'gemm_fusion_dot_31', 8 bytes spill stores, 8 bytes spill loads

2025-10-02 11:43:56.788029: I external/local_xla/xla/stream_executor/cuda/cuda_asm_compiler.cc:397] ptxas warning : Registers are spilled to local memory in function 'gemm_fusion_dot_31', 20 bytes spill stores, 20 bytes spill loads

2025-10-02 11:43:56.817492: I external/local_xla/xla/stream_executor/cuda/cuda_asm_compiler.cc:397] ptxas warning : Registers are spilled to local memory in function 'gemm_fusion_dot_6', 12 bytes spill stores, 12 bytes spill loads

2025-10-02 11:43:57.154032: I external/local_xla/xla/stream_executor/cuda/cuda_asm_compiler.cc:397] ptxas warning : Registers are spilled to local memory in function 'gemm_fusion_dot_6', 816 bytes spill stores, 956 bytes spill loads

2025-10-02 11:43:59.063695: I external/local_xla/xla/stream_executor/cuda/cuda_asm_compiler.cc:397] ptxas warning : Registers are spilled to local memory in function 'gemm_fusion_dot_6', 12 bytes spill stores, 12 bytes spill loads

2025-10-02 11:43:59.387317: I external/local_xla/xla/stream_executor/cuda/cuda_asm_compiler.cc:397] ptxas warning : Registers are spilled to local memory in function 'gemm_fusion_dot_6', 816 bytes spill stores, 956 bytes spill loads

                                                                                   [I 2025-10-02 11:44:03,556] Trial 27 pruned. Trial was pruned at epoch 5.
Best trial: 5. Best value: 130.551:  68%|██████▊   | 27/40 [09:34<03:12, 14.79s/it]Best trial: 5. Best value: 130.551:  68%|██████▊   | 27/40 [09:34<03:12, 14.79s/it]Best trial: 5. Best value: 130.551:  70%|███████   | 28/40 [09:34<02:53, 14.44s/it]2025-10-02 11:44:15.125626: I external/local_xla/xla/stream_executor/cuda/cuda_asm_compiler.cc:397] ptxas warning : Registers are spilled to local memory in function 'gemm_fusion_dot_10', 32 bytes spill stores, 32 bytes spill loads

2025-10-02 11:44:15.749649: I external/local_xla/xla/stream_executor/cuda/cuda_asm_compiler.cc:397] ptxas warning : Registers are spilled to local memory in function 'gemm_fusion_dot_10', 32 bytes spill stores, 32 bytes spill loads

                                                                                   [I 2025-10-02 11:44:16,083] Trial 28 finished with value: 132.38832262986793 and parameters: {'seq_len': 6, 'd_model': 32, 'heads': 8, 'ff_dim': 96, 'att_dropout': 0.08220753252420163, 'dropout': 0.33978063945642345, 'lr': 0.0037041267936882166, 'batch': 256, 'epochs': 47}. Best is trial 5 with value: 130.55147452250395.
Best trial: 5. Best value: 130.551:  70%|███████   | 28/40 [09:47<02:53, 14.44s/it]Best trial: 5. Best value: 130.551:  70%|███████   | 28/40 [09:47<02:53, 14.44s/it]Best trial: 5. Best value: 130.551:  72%|███████▎  | 29/40 [09:47<02:32, 13.87s/it]2025-10-02 11:44:19.147547: I external/local_xla/xla/stream_executor/cuda/cuda_asm_compiler.cc:397] ptxas warning : Registers are spilled to local memory in function 'gemm_fusion_dot_6', 332 bytes spill stores, 332 bytes spill loads

2025-10-02 11:44:19.148579: I external/local_xla/xla/stream_executor/cuda/cuda_asm_compiler.cc:397] ptxas warning : Registers are spilled to local memory in function 'gemm_fusion_dot_6', 360 bytes spill stores, 360 bytes spill loads

2025-10-02 11:44:21.466521: I external/local_xla/xla/stream_executor/cuda/cuda_asm_compiler.cc:397] ptxas warning : Registers are spilled to local memory in function 'gemm_fusion_dot_6', 200 bytes spill stores, 200 bytes spill loads

2025-10-02 11:44:21.614443: I external/local_xla/xla/stream_executor/cuda/cuda_asm_compiler.cc:397] ptxas warning : Registers are spilled to local memory in function 'gemm_fusion_dot_6', 168 bytes spill stores, 168 bytes spill loads

                                                                                   [I 2025-10-02 11:44:27,929] Trial 29 pruned. Trial was pruned at epoch 5.
Best trial: 5. Best value: 130.551:  72%|███████▎  | 29/40 [09:59<02:32, 13.87s/it]Best trial: 5. Best value: 130.551:  72%|███████▎  | 29/40 [09:59<02:32, 13.87s/it]Best trial: 5. Best value: 130.551:  75%|███████▌  | 30/40 [09:59<02:12, 13.26s/it]                                                                                   [I 2025-10-02 11:44:40,431] Trial 30 finished with value: 132.46356368120632 and parameters: {'seq_len': 18, 'd_model': 64, 'heads': 4, 'ff_dim': 64, 'att_dropout': 0.2758786334068735, 'dropout': 0.3868992715299592, 'lr': 0.002364646137082131, 'batch': 256, 'epochs': 55}. Best is trial 5 with value: 130.55147452250395.
Best trial: 5. Best value: 130.551:  75%|███████▌  | 30/40 [10:11<02:12, 13.26s/it]Best trial: 5. Best value: 130.551:  75%|███████▌  | 30/40 [10:11<02:12, 13.26s/it]Best trial: 5. Best value: 130.551:  78%|███████▊  | 31/40 [10:11<01:57, 13.03s/it]                                                                                   [I 2025-10-02 11:44:55,546] Trial 31 finished with value: 132.92042673626202 and parameters: {'seq_len': 18, 'd_model': 32, 'heads': 2, 'ff_dim': 64, 'att_dropout': 0.2777682048532108, 'dropout': 0.2977593109734951, 'lr': 0.0026953887549110893, 'batch': 128, 'epochs': 40}. Best is trial 5 with value: 130.55147452250395.
Best trial: 5. Best value: 130.551:  78%|███████▊  | 31/40 [10:26<01:57, 13.03s/it]Best trial: 5. Best value: 130.551:  78%|███████▊  | 31/40 [10:26<01:57, 13.03s/it]Best trial: 5. Best value: 130.551:  80%|████████  | 32/40 [10:26<01:49, 13.66s/it]                                                                                   [I 2025-10-02 11:45:07,796] Trial 32 finished with value: 133.06152389261518 and parameters: {'seq_len': 18, 'd_model': 32, 'heads': 2, 'ff_dim': 64, 'att_dropout': 0.20672391503586218, 'dropout': 0.25853481970950604, 'lr': 0.00387504016956725, 'batch': 128, 'epochs': 49}. Best is trial 5 with value: 130.55147452250395.
Best trial: 5. Best value: 130.551:  80%|████████  | 32/40 [10:38<01:49, 13.66s/it]Best trial: 5. Best value: 130.551:  80%|████████  | 32/40 [10:38<01:49, 13.66s/it]Best trial: 5. Best value: 130.551:  82%|████████▎ | 33/40 [10:38<01:32, 13.24s/it]                                                                                   [I 2025-10-02 11:45:16,095] Trial 33 pruned. Trial was pruned at epoch 5.
Best trial: 5. Best value: 130.551:  82%|████████▎ | 33/40 [10:47<01:32, 13.24s/it]Best trial: 5. Best value: 130.551:  82%|████████▎ | 33/40 [10:47<01:32, 13.24s/it]Best trial: 5. Best value: 130.551:  85%|████████▌ | 34/40 [10:47<01:10, 11.75s/it]2025-10-02 11:45:19.632662: I external/local_xla/xla/stream_executor/cuda/cuda_asm_compiler.cc:397] ptxas warning : Registers are spilled to local memory in function 'gemm_fusion_dot_6', 4 bytes spill stores, 4 bytes spill loads

2025-10-02 11:45:21.635802: I external/local_xla/xla/stream_executor/cuda/cuda_asm_compiler.cc:397] ptxas warning : Registers are spilled to local memory in function 'gemm_fusion_dot_6', 56 bytes spill stores, 56 bytes spill loads

2025-10-02 11:45:21.642233: I external/local_xla/xla/stream_executor/cuda/cuda_asm_compiler.cc:397] ptxas warning : Registers are spilled to local memory in function 'gemm_fusion_dot_6', 64 bytes spill stores, 64 bytes spill loads

2025-10-02 11:45:22.693209: I external/local_xla/xla/stream_executor/cuda/cuda_asm_compiler.cc:397] ptxas warning : Registers are spilled to local memory in function 'input_add_multiply_reduce_fusion', 40 bytes spill stores, 24 bytes spill loads

2025-10-02 11:45:23.461442: I external/local_xla/xla/stream_executor/cuda/cuda_asm_compiler.cc:397] ptxas warning : Registers are spilled to local memory in function 'gemm_fusion_dot_6', 64 bytes spill stores, 64 bytes spill loads

2025-10-02 11:45:23.474165: I external/local_xla/xla/stream_executor/cuda/cuda_asm_compiler.cc:397] ptxas warning : Registers are spilled to local memory in function 'gemm_fusion_dot_6', 56 bytes spill stores, 56 bytes spill loads

                                                                                   [I 2025-10-02 11:45:26,612] Trial 34 pruned. Trial was pruned at epoch 5.
