Best trial: 265. Best value: 129.321:  78%|███████▊  | 31/40 [08:58<02:33, 17.00s/it]Best trial: 265. Best value: 129.321:  78%|███████▊  | 31/40 [08:58<02:33, 17.00s/it]Best trial: 265. Best value: 129.321:  80%|████████  | 32/40 [08:58<01:45, 13.19s/it]                                                                                     [I 2025-10-02 10:59:20,686] Trial 312 pruned. Trial was pruned at epoch 6.
Best trial: 265. Best value: 129.321:  80%|████████  | 32/40 [09:09<01:45, 13.19s/it]Best trial: 265. Best value: 129.321:  80%|████████  | 32/40 [09:09<01:45, 13.19s/it]Best trial: 265. Best value: 129.321:  82%|████████▎ | 33/40 [09:09<01:29, 12.73s/it]                                                                                     [I 2025-10-02 10:59:58,126] Trial 313 finished with value: 130.3194917189098 and parameters: {'seq_len': 18, 'units': 128, 'dropout': 0.11412420164654032, 'lr': 0.00408532998978351, 'batch': 64, 'epochs': 53}. Best is trial 265 with value: 129.32149406856155.
Best trial: 265. Best value: 129.321:  82%|████████▎ | 33/40 [09:47<01:29, 12.73s/it]Best trial: 265. Best value: 129.321:  82%|████████▎ | 33/40 [09:47<01:29, 12.73s/it]Best trial: 265. Best value: 129.321:  85%|████████▌ | 34/40 [09:47<02:00, 20.14s/it]                                                                                     [I 2025-10-02 11:00:21,835] Trial 314 finished with value: 130.27770818524556 and parameters: {'seq_len': 18, 'units': 128, 'dropout': 0.10372962214458856, 'lr': 0.003712061780247103, 'batch': 64, 'epochs': 66}. Best is trial 265 with value: 129.32149406856155.
Best trial: 265. Best value: 129.321:  85%|████████▌ | 34/40 [10:10<02:00, 20.14s/it]Best trial: 265. Best value: 129.321:  85%|████████▌ | 34/40 [10:10<02:00, 20.14s/it]Best trial: 265. Best value: 129.321:  88%|████████▊ | 35/40 [10:10<01:46, 21.21s/it]                                                                                     [I 2025-10-02 11:00:53,354] Trial 315 finished with value: 130.36984649450193 and parameters: {'seq_len': 18, 'units': 96, 'dropout': 0.09309130054281098, 'lr': 0.004530231464480823, 'batch': 64, 'epochs': 42}. Best is trial 265 with value: 129.32149406856155.
Best trial: 265. Best value: 129.321:  88%|████████▊ | 35/40 [10:42<01:46, 21.21s/it]Best trial: 265. Best value: 129.321:  88%|████████▊ | 35/40 [10:42<01:46, 21.21s/it]Best trial: 265. Best value: 129.321:  90%|█████████ | 36/40 [10:42<01:37, 24.30s/it]                                                                                     [I 2025-10-02 11:01:06,058] Trial 316 pruned. Trial was pruned at epoch 5.
Best trial: 265. Best value: 129.321:  90%|█████████ | 36/40 [10:55<01:37, 24.30s/it]Best trial: 265. Best value: 129.321:  90%|█████████ | 36/40 [10:55<01:37, 24.30s/it]Best trial: 265. Best value: 129.321:  92%|█████████▎| 37/40 [10:55<01:02, 20.82s/it]                                                                                     [I 2025-10-02 11:01:29,417] Trial 317 finished with value: 130.64681337005507 and parameters: {'seq_len': 18, 'units': 128, 'dropout': 0.11828790781405828, 'lr': 0.0046316759561394055, 'batch': 64, 'epochs': 49}. Best is trial 265 with value: 129.32149406856155.
Best trial: 265. Best value: 129.321:  92%|█████████▎| 37/40 [11:18<01:02, 20.82s/it]Best trial: 265. Best value: 129.321:  92%|█████████▎| 37/40 [11:18<01:02, 20.82s/it]Best trial: 265. Best value: 129.321:  95%|█████████▌| 38/40 [11:18<00:43, 21.58s/it]                                                                                     [I 2025-10-02 11:01:40,539] Trial 318 pruned. Trial was pruned at epoch 5.
Best trial: 265. Best value: 129.321:  95%|█████████▌| 38/40 [11:29<00:43, 21.58s/it]Best trial: 265. Best value: 129.321:  95%|█████████▌| 38/40 [11:29<00:43, 21.58s/it]Best trial: 265. Best value: 129.321:  98%|█████████▊| 39/40 [11:29<00:18, 18.45s/it]                                                                                     [I 2025-10-02 11:01:49,966] Trial 319 pruned. Trial was pruned at epoch 5.
Best trial: 265. Best value: 129.321:  98%|█████████▊| 39/40 [11:39<00:18, 18.45s/it]Best trial: 265. Best value: 129.321:  98%|█████████▊| 39/40 [11:39<00:18, 18.45s/it]Best trial: 265. Best value: 129.321: 100%|██████████| 40/40 [11:39<00:00, 15.74s/it]Best trial: 265. Best value: 129.321: 100%|██████████| 40/40 [11:39<00:00, 17.48s/it]
/home/e.ladino/miniconda3/envs/e_ladino/lib/python3.12/site-packages/keras/src/saving/saving_lib.py:797: UserWarning: Skipping variable loading for optimizer 'adam', because it has 2 variables whereas the saved optimizer has 12 variables. 
  saveable.load_own_variables(weights_store.get(inner_path))
Best LSTM params: {'seq_len': 18, 'units': 128, 'dropout': 0.10130176779717873, 'lr': 0.002985342019508675, 'batch': 64, 'epochs': 109}
LSTM test → RMSE: 137.3619 | MAE: 70.4509 | R2: 0.7157 | Skill: 0.301
/mnt/SOLARLAB/E_Ladino/Repo/irradiance-fusion-forecast/Notebooks/05_ground_hpo_optuna_v1.py:123: FutureWarning: The import path :class:`~optuna.storages.JournalFileOpenLock` has been deprecated in v4.0.0. This feature will be removed in v6.0.0. See https://github.com/optuna/optuna/releases/tag/v4.0.0. Use :class:`~optuna.storages.journal.JournalFileOpenLock` instead.
  file_storage = JournalFileStorage(str(log_path), lock_obj=JournalFileOpenLock(str(lock_path)))
/mnt/SOLARLAB/E_Ladino/Repo/irradiance-fusion-forecast/Notebooks/05_ground_hpo_optuna_v1.py:123: FutureWarning: JournalFileStorage has been deprecated in v4.0.0. This feature will be removed in v6.0.0. See https://github.com/optuna/optuna/releases/tag/v4.0.0. Use :class:`~optuna.storages.journal.JournalFileBackend` instead.
  file_storage = JournalFileStorage(str(log_path), lock_obj=JournalFileOpenLock(str(lock_path)))
[I 2025-10-02 11:01:50,720] Using an existing study with name 'ground_trackB_bilstm' instead of creating a new one.
Running Study B2 (BiLSTM)…
  0%|          | 0/35 [00:00<?, ?it/s]                                      [I 2025-10-02 11:02:05,112] Trial 225 pruned. Trial was pruned at epoch 5.
  0%|          | 0/35 [00:14<?, ?it/s]Best trial: 67. Best value: 130.138:   0%|          | 0/35 [00:14<?, ?it/s]Best trial: 67. Best value: 130.138:   3%|▎         | 1/35 [00:14<08:09, 14.39s/it]                                                                                   [I 2025-10-02 11:02:42,735] Trial 226 finished with value: 130.48028017913282 and parameters: {'seq_len': 18, 'units': 128, 'dropout': 0.20742686630056878, 'lr': 0.00238466398034067, 'batch': 64, 'epochs': 51}. Best is trial 67 with value: 130.13822279119228.
Best trial: 67. Best value: 130.138:   3%|▎         | 1/35 [00:52<08:09, 14.39s/it]Best trial: 67. Best value: 130.138:   3%|▎         | 1/35 [00:52<08:09, 14.39s/it]Best trial: 67. Best value: 130.138:   6%|▌         | 2/35 [00:52<15:25, 28.06s/it]                                                                                   [I 2025-10-02 11:03:13,818] Trial 227 finished with value: 130.97237005853563 and parameters: {'seq_len': 18, 'units': 128, 'dropout': 0.19982008592519485, 'lr': 0.0024178107643917984, 'batch': 64, 'epochs': 49}. Best is trial 67 with value: 130.13822279119228.
Best trial: 67. Best value: 130.138:   6%|▌         | 2/35 [01:23<15:25, 28.06s/it]Best trial: 67. Best value: 130.138:   6%|▌         | 2/35 [01:23<15:25, 28.06s/it]Best trial: 67. Best value: 130.138:   9%|▊         | 3/35 [01:23<15:42, 29.44s/it]                                                                                   [I 2025-10-02 11:04:02,421] Trial 228 finished with value: 130.17935344170365 and parameters: {'seq_len': 18, 'units': 128, 'dropout': 0.20861700387586155, 'lr': 0.003292924950096983, 'batch': 64, 'epochs': 51}. Best is trial 67 with value: 130.13822279119228.
Best trial: 67. Best value: 130.138:   9%|▊         | 3/35 [02:11<15:42, 29.44s/it]Best trial: 67. Best value: 130.138:   9%|▊         | 3/35 [02:11<15:42, 29.44s/it]Best trial: 67. Best value: 130.138:  11%|█▏        | 4/35 [02:11<19:07, 37.00s/it]                                                                                   [I 2025-10-02 11:04:54,019] Trial 229 finished with value: 131.18476801586 and parameters: {'seq_len': 24, 'units': 128, 'dropout': 0.19844101908209053, 'lr': 0.0033171697464536476, 'batch': 64, 'epochs': 51}. Best is trial 67 with value: 130.13822279119228.
Best trial: 67. Best value: 130.138:  11%|█▏        | 4/35 [03:03<19:07, 37.00s/it]Best trial: 67. Best value: 130.138:  11%|█▏        | 4/35 [03:03<19:07, 37.00s/it]Best trial: 67. Best value: 130.138:  14%|█▍        | 5/35 [03:03<21:08, 42.27s/it]                                                                                   [I 2025-10-02 11:05:00,721] Trial 230 pruned. Trial was pruned at epoch 5.
Best trial: 67. Best value: 130.138:  14%|█▍        | 5/35 [03:10<21:08, 42.27s/it]Best trial: 67. Best value: 130.138:  14%|█▍        | 5/35 [03:10<21:08, 42.27s/it]Best trial: 67. Best value: 130.138:  17%|█▋        | 6/35 [03:10<14:35, 30.17s/it]                                                                                   [I 2025-10-02 11:05:46,824] Trial 231 finished with value: 130.57341236111202 and parameters: {'seq_len': 18, 'units': 128, 'dropout': 0.18967186439511224, 'lr': 0.0025254329625919556, 'batch': 64, 'epochs': 50}. Best is trial 67 with value: 130.13822279119228.
Best trial: 67. Best value: 130.138:  17%|█▋        | 6/35 [03:56<14:35, 30.17s/it]Best trial: 67. Best value: 130.138:  17%|█▋        | 6/35 [03:56<14:35, 30.17s/it]Best trial: 67. Best value: 130.138:  20%|██        | 7/35 [03:56<16:30, 35.38s/it]                                                                                   [I 2025-10-02 11:06:34,195] Trial 232 finished with value: 131.28677312233324 and parameters: {'seq_len': 18, 'units': 128, 'dropout': 0.2268049327081054, 'lr': 0.003546519252043894, 'batch': 64, 'epochs': 47}. Best is trial 67 with value: 130.13822279119228.
Best trial: 67. Best value: 130.138:  20%|██        | 7/35 [04:43<16:30, 35.38s/it]Best trial: 67. Best value: 130.138:  20%|██        | 7/35 [04:43<16:30, 35.38s/it]Best trial: 67. Best value: 130.138:  23%|██▎       | 8/35 [04:43<17:38, 39.20s/it]                                                                                   [I 2025-10-02 11:07:05,514] Trial 233 finished with value: 130.72833831078862 and parameters: {'seq_len': 18, 'units': 128, 'dropout': 0.18180549025027878, 'lr': 0.003991014910855326, 'batch': 64, 'epochs': 49}. Best is trial 67 with value: 130.13822279119228.
Best trial: 67. Best value: 130.138:  23%|██▎       | 8/35 [05:14<17:38, 39.20s/it]Best trial: 67. Best value: 130.138:  23%|██▎       | 8/35 [05:14<17:38, 39.20s/it]Best trial: 67. Best value: 130.138:  26%|██▌       | 9/35 [05:14<15:55, 36.74s/it]                                                                                   [I 2025-10-02 11:07:39,000] Trial 234 finished with value: 130.7391247867294 and parameters: {'seq_len': 18, 'units': 128, 'dropout': 0.20799013118867896, 'lr': 0.0031406798350930663, 'batch': 64, 'epochs': 51}. Best is trial 67 with value: 130.13822279119228.
Best trial: 67. Best value: 130.138:  26%|██▌       | 9/35 [05:48<15:55, 36.74s/it]Best trial: 67. Best value: 130.138:  26%|██▌       | 9/35 [05:48<15:55, 36.74s/it]Best trial: 67. Best value: 130.138:  29%|██▊       | 10/35 [05:48<14:53, 35.73s/it]                                                                                    [I 2025-10-02 11:08:21,474] Trial 235 finished with value: 131.1201887820865 and parameters: {'seq_len': 18, 'units': 128, 'dropout': 0.19524631383350344, 'lr': 0.004311107112743984, 'batch': 64, 'epochs': 56}. Best is trial 67 with value: 130.13822279119228.
Best trial: 67. Best value: 130.138:  29%|██▊       | 10/35 [06:30<14:53, 35.73s/it]Best trial: 67. Best value: 130.138:  29%|██▊       | 10/35 [06:30<14:53, 35.73s/it]Best trial: 67. Best value: 130.138:  31%|███▏      | 11/35 [06:30<15:07, 37.80s/it]                                                                                    [I 2025-10-02 11:09:04,555] Trial 236 finished with value: 130.88502826908814 and parameters: {'seq_len': 18, 'units': 128, 'dropout': 0.16733368542423935, 'lr': 0.0016163993851724093, 'batch': 64, 'epochs': 43}. Best is trial 67 with value: 130.13822279119228.
Best trial: 67. Best value: 130.138:  31%|███▏      | 11/35 [07:13<15:07, 37.80s/it]Best trial: 67. Best value: 130.138:  31%|███▏      | 11/35 [07:13<15:07, 37.80s/it]Best trial: 67. Best value: 130.138:  34%|███▍      | 12/35 [07:13<15:06, 39.40s/it]                                                                                    [I 2025-10-02 11:09:36,084] Trial 237 finished with value: 131.00893039693898 and parameters: {'seq_len': 18, 'units': 128, 'dropout': 0.22022777832012783, 'lr': 0.0034487263365194027, 'batch': 64, 'epochs': 118}. Best is trial 67 with value: 130.13822279119228.
Best trial: 67. Best value: 130.138:  34%|███▍      | 12/35 [07:45<15:06, 39.40s/it]Best trial: 67. Best value: 130.138:  34%|███▍      | 12/35 [07:45<15:06, 39.40s/it]Best trial: 67. Best value: 130.138:  37%|███▋      | 13/35 [07:45<13:34, 37.02s/it]                                                                                    [I 2025-10-02 11:09:52,775] Trial 238 pruned. Trial was pruned at epoch 5.
Best trial: 67. Best value: 130.138:  37%|███▋      | 13/35 [08:02<13:34, 37.02s/it]Best trial: 67. Best value: 130.138:  37%|███▋      | 13/35 [08:02<13:34, 37.02s/it]Best trial: 67. Best value: 130.138:  40%|████      | 14/35 [08:02<10:48, 30.88s/it]                                                                                    [I 2025-10-02 11:10:30,386] Trial 239 finished with value: 130.81641179053184 and parameters: {'seq_len': 18, 'units': 128, 'dropout': 0.18502670361624896, 'lr': 0.0032013830537401047, 'batch': 64, 'epochs': 52}. Best is trial 67 with value: 130.13822279119228.
Best trial: 67. Best value: 130.138:  40%|████      | 14/35 [08:39<10:48, 30.88s/it]Best trial: 67. Best value: 130.138:  40%|████      | 14/35 [08:39<10:48, 30.88s/it]Best trial: 67. Best value: 130.138:  43%|████▎     | 15/35 [08:39<10:58, 32.91s/it]                                                                                    [I 2025-10-02 11:11:17,139] Trial 240 finished with value: 131.28061398917586 and parameters: {'seq_len': 18, 'units': 128, 'dropout': 0.1597181667578407, 'lr': 0.002144727076673827, 'batch': 64, 'epochs': 48}. Best is trial 67 with value: 130.13822279119228.
Best trial: 67. Best value: 130.138:  43%|████▎     | 15/35 [09:26<10:58, 32.91s/it]Best trial: 67. Best value: 130.138:  43%|████▎     | 15/35 [09:26<10:58, 32.91s/it]Best trial: 67. Best value: 130.138:  46%|████▌     | 16/35 [09:26<11:44, 37.08s/it]                                                                                    [I 2025-10-02 11:11:49,020] Trial 241 finished with value: 131.14792906056505 and parameters: {'seq_len': 18, 'units': 128, 'dropout': 0.08815352489832899, 'lr': 0.003689516166647052, 'batch': 64, 'epochs': 54}. Best is trial 67 with value: 130.13822279119228.
Best trial: 67. Best value: 130.138:  46%|████▌     | 16/35 [09:58<11:44, 37.08s/it]Best trial: 67. Best value: 130.138:  46%|████▌     | 16/35 [09:58<11:44, 37.08s/it]Best trial: 67. Best value: 130.138:  49%|████▊     | 17/35 [09:58<10:39, 35.51s/it]                                                                                    [I 2025-10-02 11:12:02,501] Trial 242 pruned. Trial was pruned at epoch 5.
Best trial: 67. Best value: 130.138:  49%|████▊     | 17/35 [10:11<10:39, 35.51s/it]Best trial: 67. Best value: 130.138:  49%|████▊     | 17/35 [10:11<10:39, 35.51s/it]Best trial: 67. Best value: 130.138:  51%|█████▏    | 18/35 [10:11<08:11, 28.89s/it]                                                                                    [I 2025-10-02 11:12:40,107] Trial 243 finished with value: 130.41836976390636 and parameters: {'seq_len': 18, 'units': 128, 'dropout': 0.20822408952658822, 'lr': 0.0018668011912240637, 'batch': 64, 'epochs': 53}. Best is trial 67 with value: 130.13822279119228.
Best trial: 67. Best value: 130.138:  51%|█████▏    | 18/35 [10:49<08:11, 28.89s/it]Best trial: 67. Best value: 130.138:  51%|█████▏    | 18/35 [10:49<08:11, 28.89s/it]Best trial: 67. Best value: 130.138:  54%|█████▍    | 19/35 [10:49<08:24, 31.51s/it]                                                                                    [I 2025-10-02 11:13:14,100] Trial 244 finished with value: 130.89187749341056 and parameters: {'seq_len': 18, 'units': 128, 'dropout': 0.20819668869893643, 'lr': 0.0018279315374183948, 'batch': 64, 'epochs': 57}. Best is trial 67 with value: 130.13822279119228.
Best trial: 67. Best value: 130.138:  54%|█████▍    | 19/35 [11:23<08:24, 31.51s/it]Best trial: 67. Best value: 130.138:  54%|█████▍    | 19/35 [11:23<08:24, 31.51s/it]Best trial: 67. Best value: 130.138:  57%|█████▋    | 20/35 [11:23<08:03, 32.26s/it]                                                                                    [I 2025-10-02 11:13:45,347] Trial 245 finished with value: 130.35704424531494 and parameters: {'seq_len': 18, 'units': 128, 'dropout': 0.19695963637925537, 'lr': 0.0020053961928957185, 'batch': 64, 'epochs': 50}. Best is trial 67 with value: 130.13822279119228.
Best trial: 67. Best value: 130.138:  57%|█████▋    | 20/35 [11:54<08:03, 32.26s/it]Best trial: 67. Best value: 130.138:  57%|█████▋    | 20/35 [11:54<08:03, 32.26s/it]Best trial: 67. Best value: 130.138:  60%|██████    | 21/35 [11:54<07:27, 31.95s/it]                                                                                    [I 2025-10-02 11:13:59,958] Trial 246 pruned. Trial was pruned at epoch 5.
Best trial: 67. Best value: 130.138:  60%|██████    | 21/35 [12:09<07:27, 31.95s/it]Best trial: 67. Best value: 130.138:  60%|██████    | 21/35 [12:09<07:27, 31.95s/it]Best trial: 67. Best value: 130.138:  63%|██████▎   | 22/35 [12:09<05:47, 26.75s/it]                                                                                    [I 2025-10-02 11:14:40,615] Trial 247 finished with value: 130.96948445868983 and parameters: {'seq_len': 18, 'units': 128, 'dropout': 0.18990209250876816, 'lr': 0.0015205629247367859, 'batch': 64, 'epochs': 53}. Best is trial 67 with value: 130.13822279119228.
Best trial: 67. Best value: 130.138:  63%|██████▎   | 22/35 [12:49<05:47, 26.75s/it]Best trial: 67. Best value: 130.138:  63%|██████▎   | 22/35 [12:49<05:47, 26.75s/it]Best trial: 67. Best value: 130.138:  66%|██████▌   | 23/35 [12:49<06:11, 30.92s/it]                                                                                    [I 2025-10-02 11:15:18,540] Trial 248 finished with value: 130.44257596735815 and parameters: {'seq_len': 18, 'units': 128, 'dropout': 0.2035079995186273, 'lr': 0.001760353532819587, 'batch': 64, 'epochs': 50}. Best is trial 67 with value: 130.13822279119228.
Best trial: 67. Best value: 130.138:  66%|██████▌   | 23/35 [13:27<06:11, 30.92s/it]Best trial: 67. Best value: 130.138:  66%|██████▌   | 23/35 [13:27<06:11, 30.92s/it]Best trial: 67. Best value: 130.138:  69%|██████▊   | 24/35 [13:27<06:03, 33.02s/it]                                                                                    [I 2025-10-02 11:15:52,545] Trial 249 finished with value: 131.18025676764395 and parameters: {'seq_len': 18, 'units': 128, 'dropout': 0.20421023313249698, 'lr': 0.0017095780419234645, 'batch': 64, 'epochs': 101}. Best is trial 67 with value: 130.13822279119228.
Best trial: 67. Best value: 130.138:  69%|██████▊   | 24/35 [14:01<06:03, 33.02s/it]Best trial: 67. Best value: 130.138:  69%|██████▊   | 24/35 [14:01<06:03, 33.02s/it]Best trial: 67. Best value: 130.138:  71%|███████▏  | 25/35 [14:01<05:33, 33.32s/it]                                                                                    [I 2025-10-02 11:16:05,651] Trial 250 pruned. Trial was pruned at epoch 5.
Best trial: 67. Best value: 130.138:  71%|███████▏  | 25/35 [14:14<05:33, 33.32s/it]Best trial: 67. Best value: 130.138:  71%|███████▏  | 25/35 [14:14<05:33, 33.32s/it]Best trial: 67. Best value: 130.138:  74%|███████▍  | 26/35 [14:14<04:05, 27.25s/it]                                                                                    [I 2025-10-02 11:16:23,421] Trial 251 pruned. Trial was pruned at epoch 7.
Best trial: 67. Best value: 130.138:  74%|███████▍  | 26/35 [14:32<04:05, 27.25s/it]Best trial: 67. Best value: 130.138:  74%|███████▍  | 26/35 [14:32<04:05, 27.25s/it]Best trial: 67. Best value: 130.138:  77%|███████▋  | 27/35 [14:32<03:15, 24.41s/it]                                                                                    [I 2025-10-02 11:17:00,907] Trial 252 finished with value: 130.49937140653208 and parameters: {'seq_len': 18, 'units': 128, 'dropout': 0.18608261829802603, 'lr': 0.0018109167677277944, 'batch': 64, 'epochs': 55}. Best is trial 67 with value: 130.13822279119228.
Best trial: 67. Best value: 130.138:  77%|███████▋  | 27/35 [15:10<03:15, 24.41s/it]Best trial: 67. Best value: 130.138:  77%|███████▋  | 27/35 [15:10<03:15, 24.41s/it]Best trial: 67. Best value: 130.138:  80%|████████  | 28/35 [15:10<03:18, 28.33s/it]                                                                                    [I 2025-10-02 11:17:49,324] Trial 253 finished with value: 130.69884276457844 and parameters: {'seq_len': 18, 'units': 128, 'dropout': 0.1887554343091935, 'lr': 0.001830717206449502, 'batch': 64, 'epochs': 98}. Best is trial 67 with value: 130.13822279119228.
