Best trial: 67. Best value: 130.138:  80%|████████  | 28/35 [15:58<03:18, 28.33s/it]Best trial: 67. Best value: 130.138:  80%|████████  | 28/35 [15:58<03:18, 28.33s/it]Best trial: 67. Best value: 130.138:  83%|████████▎ | 29/35 [15:58<03:26, 34.36s/it]                                                                                    [I 2025-10-02 11:18:29,164] Trial 254 finished with value: 130.45611840049895 and parameters: {'seq_len': 18, 'units': 128, 'dropout': 0.18084619287322715, 'lr': 0.0016777478352105614, 'batch': 64, 'epochs': 56}. Best is trial 67 with value: 130.13822279119228.
Best trial: 67. Best value: 130.138:  83%|████████▎ | 29/35 [16:38<03:26, 34.36s/it]Best trial: 67. Best value: 130.138:  83%|████████▎ | 29/35 [16:38<03:26, 34.36s/it]Best trial: 67. Best value: 130.138:  86%|████████▌ | 30/35 [16:38<03:00, 36.00s/it]                                                                                    [I 2025-10-02 11:18:41,755] Trial 255 pruned. Trial was pruned at epoch 5.
Best trial: 67. Best value: 130.138:  86%|████████▌ | 30/35 [16:51<03:00, 36.00s/it]Best trial: 67. Best value: 130.138:  86%|████████▌ | 30/35 [16:51<03:00, 36.00s/it]Best trial: 67. Best value: 130.138:  89%|████████▊ | 31/35 [16:51<01:55, 28.98s/it]                                                                                    [I 2025-10-02 11:18:58,822] Trial 256 pruned. Trial was pruned at epoch 5.
Best trial: 67. Best value: 130.138:  89%|████████▊ | 31/35 [17:08<01:55, 28.98s/it]Best trial: 67. Best value: 130.138:  89%|████████▊ | 31/35 [17:08<01:55, 28.98s/it]Best trial: 67. Best value: 130.138:  91%|█████████▏| 32/35 [17:08<01:16, 25.41s/it]                                                                                    [I 2025-10-02 11:19:37,763] Trial 257 finished with value: 130.39162016546538 and parameters: {'seq_len': 18, 'units': 128, 'dropout': 0.1958429993434058, 'lr': 0.001322231884369303, 'batch': 64, 'epochs': 99}. Best is trial 67 with value: 130.13822279119228.
Best trial: 67. Best value: 130.138:  91%|█████████▏| 32/35 [17:47<01:16, 25.41s/it]Best trial: 67. Best value: 130.138:  91%|█████████▏| 32/35 [17:47<01:16, 25.41s/it]Best trial: 67. Best value: 130.138:  94%|█████████▍| 33/35 [17:47<00:58, 29.47s/it]                                                                                    [I 2025-10-02 11:20:16,189] Trial 258 finished with value: 130.49779990961534 and parameters: {'seq_len': 18, 'units': 128, 'dropout': 0.18209079436117398, 'lr': 0.0013418255274755388, 'batch': 64, 'epochs': 99}. Best is trial 67 with value: 130.13822279119228.
Best trial: 67. Best value: 130.138:  94%|█████████▍| 33/35 [18:25<00:58, 29.47s/it]Best trial: 67. Best value: 130.138:  94%|█████████▍| 33/35 [18:25<00:58, 29.47s/it]Best trial: 67. Best value: 130.138:  97%|█████████▋| 34/35 [18:25<00:32, 32.15s/it]                                                                                    [I 2025-10-02 11:20:31,027] Trial 259 pruned. Trial was pruned at epoch 5.
Best trial: 67. Best value: 130.138:  97%|█████████▋| 34/35 [18:40<00:32, 32.15s/it]Best trial: 67. Best value: 130.138:  97%|█████████▋| 34/35 [18:40<00:32, 32.15s/it]Best trial: 67. Best value: 130.138: 100%|██████████| 35/35 [18:40<00:00, 26.96s/it]Best trial: 67. Best value: 130.138: 100%|██████████| 35/35 [18:40<00:00, 32.01s/it]
Best BiLSTM params: {'seq_len': 18, 'units': 128, 'dropout': 0.11290422597989508, 'lr': 0.004256193252277516, 'batch': 128, 'epochs': 64}
BiLSTM test → RMSE: 137.1388 | MAE: 71.0945 | R2: 0.7167 | Skill: 0.302
/mnt/SOLARLAB/E_Ladino/Repo/irradiance-fusion-forecast/Notebooks/05_ground_hpo_optuna_v1.py:123: FutureWarning: The import path :class:`~optuna.storages.JournalFileOpenLock` has been deprecated in v4.0.0. This feature will be removed in v6.0.0. See https://github.com/optuna/optuna/releases/tag/v4.0.0. Use :class:`~optuna.storages.journal.JournalFileOpenLock` instead.
  file_storage = JournalFileStorage(str(log_path), lock_obj=JournalFileOpenLock(str(lock_path)))
/mnt/SOLARLAB/E_Ladino/Repo/irradiance-fusion-forecast/Notebooks/05_ground_hpo_optuna_v1.py:123: FutureWarning: JournalFileStorage has been deprecated in v4.0.0. This feature will be removed in v6.0.0. See https://github.com/optuna/optuna/releases/tag/v4.0.0. Use :class:`~optuna.storages.journal.JournalFileBackend` instead.
  file_storage = JournalFileStorage(str(log_path), lock_obj=JournalFileOpenLock(str(lock_path)))
[I 2025-10-02 11:20:31,883] Using an existing study with name 'ground_trackB_cnnlstm' instead of creating a new one.
Running Study B3 (CNN-LSTM)…
  0%|          | 0/35 [00:00<?, ?it/s]                                      [I 2025-10-02 11:20:43,821] Trial 210 pruned. Trial was pruned at epoch 5.
  0%|          | 0/35 [00:11<?, ?it/s]Best trial: 202. Best value: 130.413:   0%|          | 0/35 [00:11<?, ?it/s]Best trial: 202. Best value: 130.413:   3%|▎         | 1/35 [00:11<06:45, 11.94s/it]                                                                                    [I 2025-10-02 11:20:58,899] Trial 211 pruned. Trial was pruned at epoch 7.
Best trial: 202. Best value: 130.413:   3%|▎         | 1/35 [00:27<06:45, 11.94s/it]Best trial: 202. Best value: 130.413:   3%|▎         | 1/35 [00:27<06:45, 11.94s/it]Best trial: 202. Best value: 130.413:   6%|▌         | 2/35 [00:27<07:34, 13.79s/it]                                                                                    [I 2025-10-02 11:21:41,273] Trial 212 finished with value: 130.79939016964107 and parameters: {'seq_len': 18, 'filters': 64, 'kernel_size': 2, 'pool': 1, 'lstm_units': 96, 'dropout': 0.16143762411050833, 'lr': 0.00450984043607927, 'batch': 64, 'epochs': 80}. Best is trial 202 with value: 130.41329285439042.
Best trial: 202. Best value: 130.413:   6%|▌         | 2/35 [01:09<07:34, 13.79s/it]Best trial: 202. Best value: 130.413:   6%|▌         | 2/35 [01:09<07:34, 13.79s/it]Best trial: 202. Best value: 130.413:   9%|▊         | 3/35 [01:09<14:18, 26.84s/it]                                                                                    [I 2025-10-02 11:21:52,898] Trial 213 pruned. Trial was pruned at epoch 5.
Best trial: 202. Best value: 130.413:   9%|▊         | 3/35 [01:21<14:18, 26.84s/it]Best trial: 202. Best value: 130.413:   9%|▊         | 3/35 [01:21<14:18, 26.84s/it]Best trial: 202. Best value: 130.413:  11%|█▏        | 4/35 [01:21<10:45, 20.83s/it]                                                                                    [I 2025-10-02 11:22:28,362] Trial 214 finished with value: 130.8859907634312 and parameters: {'seq_len': 18, 'filters': 64, 'kernel_size': 2, 'pool': 1, 'lstm_units': 96, 'dropout': 0.14784066153496314, 'lr': 0.004747694583123216, 'batch': 64, 'epochs': 79}. Best is trial 202 with value: 130.41329285439042.
Best trial: 202. Best value: 130.413:  11%|█▏        | 4/35 [01:56<10:45, 20.83s/it]Best trial: 202. Best value: 130.413:  11%|█▏        | 4/35 [01:56<10:45, 20.83s/it]Best trial: 202. Best value: 130.413:  14%|█▍        | 5/35 [01:56<13:03, 26.11s/it]                                                                                    [I 2025-10-02 11:23:10,596] Trial 215 finished with value: 131.31878405953583 and parameters: {'seq_len': 18, 'filters': 64, 'kernel_size': 2, 'pool': 1, 'lstm_units': 96, 'dropout': 0.1608368632113334, 'lr': 0.004643055614827538, 'batch': 64, 'epochs': 80}. Best is trial 202 with value: 130.41329285439042.
Best trial: 202. Best value: 130.413:  14%|█▍        | 5/35 [02:38<13:03, 26.11s/it]Best trial: 202. Best value: 130.413:  14%|█▍        | 5/35 [02:38<13:03, 26.11s/it]Best trial: 202. Best value: 130.413:  17%|█▋        | 6/35 [02:38<15:16, 31.59s/it]                                                                                    [I 2025-10-02 11:24:00,284] Trial 216 finished with value: 130.94869433054689 and parameters: {'seq_len': 18, 'filters': 64, 'kernel_size': 2, 'pool': 1, 'lstm_units': 96, 'dropout': 0.14853847610230517, 'lr': 0.003991583880812334, 'batch': 64, 'epochs': 78}. Best is trial 202 with value: 130.41329285439042.
Best trial: 202. Best value: 130.413:  17%|█▋        | 6/35 [03:28<15:16, 31.59s/it]Best trial: 202. Best value: 130.413:  17%|█▋        | 6/35 [03:28<15:16, 31.59s/it]Best trial: 202. Best value: 130.413:  20%|██        | 7/35 [03:28<17:30, 37.51s/it]                                                                                    [I 2025-10-02 11:24:14,334] Trial 217 pruned. Trial was pruned at epoch 7.
Best trial: 202. Best value: 130.413:  20%|██        | 7/35 [03:42<17:30, 37.51s/it]Best trial: 202. Best value: 130.413:  20%|██        | 7/35 [03:42<17:30, 37.51s/it]Best trial: 202. Best value: 130.413:  23%|██▎       | 8/35 [03:42<13:31, 30.04s/it]                                                                                    [I 2025-10-02 11:24:25,182] Trial 218 pruned. Trial was pruned at epoch 5.
Best trial: 202. Best value: 130.413:  23%|██▎       | 8/35 [03:53<13:31, 30.04s/it]Best trial: 202. Best value: 130.413:  23%|██▎       | 8/35 [03:53<13:31, 30.04s/it]Best trial: 202. Best value: 130.413:  26%|██▌       | 9/35 [03:53<10:25, 24.04s/it]                                                                                    [I 2025-10-02 11:24:30,094] Trial 219 pruned. Trial was pruned at epoch 5.
Best trial: 202. Best value: 130.413:  26%|██▌       | 9/35 [03:58<10:25, 24.04s/it]Best trial: 202. Best value: 130.413:  26%|██▌       | 9/35 [03:58<10:25, 24.04s/it]Best trial: 202. Best value: 130.413:  29%|██▊       | 10/35 [03:58<07:33, 18.13s/it]                                                                                     [I 2025-10-02 11:24:56,066] Trial 220 finished with value: 131.0477086908619 and parameters: {'seq_len': 18, 'filters': 64, 'kernel_size': 2, 'pool': 1, 'lstm_units': 96, 'dropout': 0.12373774146571782, 'lr': 0.004043717918022269, 'batch': 64, 'epochs': 82}. Best is trial 202 with value: 130.41329285439042.
Best trial: 202. Best value: 130.413:  29%|██▊       | 10/35 [04:24<07:33, 18.13s/it]Best trial: 202. Best value: 130.413:  29%|██▊       | 10/35 [04:24<07:33, 18.13s/it]Best trial: 202. Best value: 130.413:  31%|███▏      | 11/35 [04:24<08:12, 20.53s/it]                                                                                     [I 2025-10-02 11:25:40,790] Trial 221 finished with value: 130.7702317640563 and parameters: {'seq_len': 18, 'filters': 64, 'kernel_size': 2, 'pool': 1, 'lstm_units': 96, 'dropout': 0.1785750211259134, 'lr': 0.004286188461737468, 'batch': 64, 'epochs': 68}. Best is trial 202 with value: 130.41329285439042.
Best trial: 202. Best value: 130.413:  31%|███▏      | 11/35 [05:08<08:12, 20.53s/it]Best trial: 202. Best value: 130.413:  31%|███▏      | 11/35 [05:08<08:12, 20.53s/it]Best trial: 202. Best value: 130.413:  34%|███▍      | 12/35 [05:08<10:41, 27.89s/it]                                                                                     [I 2025-10-02 11:26:21,630] Trial 222 finished with value: 130.73341792556332 and parameters: {'seq_len': 18, 'filters': 64, 'kernel_size': 2, 'pool': 1, 'lstm_units': 96, 'dropout': 0.16962874171919776, 'lr': 0.0042994589675146725, 'batch': 64, 'epochs': 68}. Best is trial 202 with value: 130.41329285439042.
Best trial: 202. Best value: 130.413:  34%|███▍      | 12/35 [05:49<10:41, 27.89s/it]Best trial: 202. Best value: 130.413:  34%|███▍      | 12/35 [05:49<10:41, 27.89s/it]Best trial: 202. Best value: 130.413:  37%|███▋      | 13/35 [05:49<11:39, 31.81s/it]                                                                                     [I 2025-10-02 11:26:52,224] Trial 223 finished with value: 131.2437796145021 and parameters: {'seq_len': 18, 'filters': 64, 'kernel_size': 2, 'pool': 1, 'lstm_units': 96, 'dropout': 0.15759305104951415, 'lr': 0.004848759235635399, 'batch': 64, 'epochs': 65}. Best is trial 202 with value: 130.41329285439042.
Best trial: 202. Best value: 130.413:  37%|███▋      | 13/35 [06:20<11:39, 31.81s/it]Best trial: 202. Best value: 130.413:  37%|███▋      | 13/35 [06:20<11:39, 31.81s/it]Best trial: 202. Best value: 130.413:  40%|████      | 14/35 [06:20<11:00, 31.45s/it]                                                                                     [I 2025-10-02 11:27:21,740] Trial 224 finished with value: 130.34218037295142 and parameters: {'seq_len': 18, 'filters': 64, 'kernel_size': 2, 'pool': 1, 'lstm_units': 96, 'dropout': 0.17179164641779437, 'lr': 0.0036658620203932875, 'batch': 64, 'epochs': 68}. Best is trial 224 with value: 130.34218037295142.
Best trial: 202. Best value: 130.413:  40%|████      | 14/35 [06:49<11:00, 31.45s/it]Best trial: 224. Best value: 130.342:  40%|████      | 14/35 [06:49<11:00, 31.45s/it]Best trial: 224. Best value: 130.342:  43%|████▎     | 15/35 [06:49<10:17, 30.86s/it]                                                                                     [I 2025-10-02 11:27:32,889] Trial 225 pruned. Trial was pruned at epoch 5.
Best trial: 224. Best value: 130.342:  43%|████▎     | 15/35 [07:01<10:17, 30.86s/it]Best trial: 224. Best value: 130.342:  43%|████▎     | 15/35 [07:01<10:17, 30.86s/it]Best trial: 224. Best value: 130.342:  46%|████▌     | 16/35 [07:01<07:53, 24.93s/it]                                                                                     [I 2025-10-02 11:27:43,441] Trial 226 pruned. Trial was pruned at epoch 5.
Best trial: 224. Best value: 130.342:  46%|████▌     | 16/35 [07:11<07:53, 24.93s/it]Best trial: 224. Best value: 130.342:  46%|████▌     | 16/35 [07:11<07:53, 24.93s/it]Best trial: 224. Best value: 130.342:  49%|████▊     | 17/35 [07:11<06:10, 20.61s/it]                                                                                     [I 2025-10-02 11:28:21,382] Trial 227 finished with value: 131.10693840096718 and parameters: {'seq_len': 18, 'filters': 64, 'kernel_size': 2, 'pool': 1, 'lstm_units': 96, 'dropout': 0.17672254182862027, 'lr': 0.0037108303481359654, 'batch': 64, 'epochs': 69}. Best is trial 224 with value: 130.34218037295142.
Best trial: 224. Best value: 130.342:  49%|████▊     | 17/35 [07:49<06:10, 20.61s/it]Best trial: 224. Best value: 130.342:  49%|████▊     | 17/35 [07:49<06:10, 20.61s/it]Best trial: 224. Best value: 130.342:  51%|█████▏    | 18/35 [07:49<07:18, 25.82s/it]                                                                                     [I 2025-10-02 11:28:32,593] Trial 228 pruned. Trial was pruned at epoch 5.
Best trial: 224. Best value: 130.342:  51%|█████▏    | 18/35 [08:00<07:18, 25.82s/it]Best trial: 224. Best value: 130.342:  51%|█████▏    | 18/35 [08:00<07:18, 25.82s/it]Best trial: 224. Best value: 130.342:  54%|█████▍    | 19/35 [08:00<05:42, 21.43s/it]                                                                                     [I 2025-10-02 11:28:43,749] Trial 229 pruned. Trial was pruned at epoch 5.
Best trial: 224. Best value: 130.342:  54%|█████▍    | 19/35 [08:11<05:42, 21.43s/it]Best trial: 224. Best value: 130.342:  54%|█████▍    | 19/35 [08:11<05:42, 21.43s/it]Best trial: 224. Best value: 130.342:  57%|█████▋    | 20/35 [08:11<04:35, 18.34s/it]                                                                                     [I 2025-10-02 11:28:54,646] Trial 230 pruned. Trial was pruned at epoch 5.
Best trial: 224. Best value: 130.342:  57%|█████▋    | 20/35 [08:22<04:35, 18.34s/it]Best trial: 224. Best value: 130.342:  57%|█████▋    | 20/35 [08:22<04:35, 18.34s/it]Best trial: 224. Best value: 130.342:  60%|██████    | 21/35 [08:22<03:45, 16.11s/it]                                                                                     [I 2025-10-02 11:29:28,691] Trial 231 finished with value: 130.96216951375692 and parameters: {'seq_len': 18, 'filters': 64, 'kernel_size': 2, 'pool': 1, 'lstm_units': 96, 'dropout': 0.15572264292486626, 'lr': 0.004998030984308108, 'batch': 64, 'epochs': 66}. Best is trial 224 with value: 130.34218037295142.
Best trial: 224. Best value: 130.342:  60%|██████    | 21/35 [08:56<03:45, 16.11s/it]Best trial: 224. Best value: 130.342:  60%|██████    | 21/35 [08:56<03:45, 16.11s/it]Best trial: 224. Best value: 130.342:  63%|██████▎   | 22/35 [08:56<04:39, 21.49s/it]                                                                                     [I 2025-10-02 11:29:42,077] Trial 232 pruned. Trial was pruned at epoch 5.
Best trial: 224. Best value: 130.342:  63%|██████▎   | 22/35 [09:10<04:39, 21.49s/it]Best trial: 224. Best value: 130.342:  63%|██████▎   | 22/35 [09:10<04:39, 21.49s/it]Best trial: 224. Best value: 130.342:  66%|██████▌   | 23/35 [09:10<03:48, 19.06s/it]                                                                                     [I 2025-10-02 11:30:37,128] Trial 233 finished with value: 131.22077055481728 and parameters: {'seq_len': 18, 'filters': 64, 'kernel_size': 2, 'pool': 1, 'lstm_units': 96, 'dropout': 0.16824331147436697, 'lr': 0.004071926553413405, 'batch': 64, 'epochs': 95}. Best is trial 224 with value: 130.34218037295142.
Best trial: 224. Best value: 130.342:  66%|██████▌   | 23/35 [10:05<03:48, 19.06s/it]Best trial: 224. Best value: 130.342:  66%|██████▌   | 23/35 [10:05<03:48, 19.06s/it]Best trial: 224. Best value: 130.342:  69%|██████▊   | 24/35 [10:05<05:28, 29.86s/it]                                                                                     [I 2025-10-02 11:31:06,470] Trial 234 finished with value: 131.46231339722422 and parameters: {'seq_len': 18, 'filters': 64, 'kernel_size': 2, 'pool': 1, 'lstm_units': 96, 'dropout': 0.17566904810341077, 'lr': 0.004544807933472797, 'batch': 64, 'epochs': 70}. Best is trial 224 with value: 130.34218037295142.
Best trial: 224. Best value: 130.342:  69%|██████▊   | 24/35 [10:34<05:28, 29.86s/it]Best trial: 224. Best value: 130.342:  69%|██████▊   | 24/35 [10:34<05:28, 29.86s/it]Best trial: 224. Best value: 130.342:  71%|███████▏  | 25/35 [10:34<04:57, 29.70s/it]                                                                                     [I 2025-10-02 11:31:36,017] Trial 235 finished with value: 131.05888615666242 and parameters: {'seq_len': 18, 'filters': 64, 'kernel_size': 2, 'pool': 1, 'lstm_units': 96, 'dropout': 0.13027954227326521, 'lr': 0.003843744135415134, 'batch': 64, 'epochs': 73}. Best is trial 224 with value: 130.34218037295142.
Best trial: 224. Best value: 130.342:  71%|███████▏  | 25/35 [11:04<04:57, 29.70s/it]Best trial: 224. Best value: 130.342:  71%|███████▏  | 25/35 [11:04<04:57, 29.70s/it]Best trial: 224. Best value: 130.342:  74%|███████▍  | 26/35 [11:04<04:26, 29.66s/it]                                                                                     [I 2025-10-02 11:31:46,126] Trial 236 pruned. Trial was pruned at epoch 5.
Best trial: 224. Best value: 130.342:  74%|███████▍  | 26/35 [11:14<04:26, 29.66s/it]Best trial: 224. Best value: 130.342:  74%|███████▍  | 26/35 [11:14<04:26, 29.66s/it]Best trial: 224. Best value: 130.342:  77%|███████▋  | 27/35 [11:14<03:10, 23.79s/it]                                                                                     [I 2025-10-02 11:32:17,286] Trial 237 finished with value: 131.55625727469217 and parameters: {'seq_len': 18, 'filters': 64, 'kernel_size': 3, 'pool': 1, 'lstm_units': 96, 'dropout': 0.15802715531928216, 'lr': 0.004057221852792581, 'batch': 64, 'epochs': 97}. Best is trial 224 with value: 130.34218037295142.
Best trial: 224. Best value: 130.342:  77%|███████▋  | 27/35 [11:45<03:10, 23.79s/it]Best trial: 224. Best value: 130.342:  77%|███████▋  | 27/35 [11:45<03:10, 23.79s/it]Best trial: 224. Best value: 130.342:  80%|████████  | 28/35 [11:45<03:02, 26.00s/it]                                                                                     [I 2025-10-02 11:32:29,537] Trial 238 pruned. Trial was pruned at epoch 5.
Best trial: 224. Best value: 130.342:  80%|████████  | 28/35 [11:57<03:02, 26.00s/it]Best trial: 224. Best value: 130.342:  80%|████████  | 28/35 [11:57<03:02, 26.00s/it]Best trial: 224. Best value: 130.342:  83%|████████▎ | 29/35 [11:57<02:11, 21.88s/it]                                                                                     [I 2025-10-02 11:32:41,118] Trial 239 pruned. Trial was pruned at epoch 5.
Best trial: 224. Best value: 130.342:  83%|████████▎ | 29/35 [12:09<02:11, 21.88s/it]Best trial: 224. Best value: 130.342:  83%|████████▎ | 29/35 [12:09<02:11, 21.88s/it]Best trial: 224. Best value: 130.342:  86%|████████▌ | 30/35 [12:09<01:33, 18.79s/it]                                                                                     [I 2025-10-02 11:32:53,575] Trial 240 pruned. Trial was pruned at epoch 5.
Best trial: 224. Best value: 130.342:  86%|████████▌ | 30/35 [12:21<01:33, 18.79s/it]Best trial: 224. Best value: 130.342:  86%|████████▌ | 30/35 [12:21<01:33, 18.79s/it]Best trial: 224. Best value: 130.342:  89%|████████▊ | 31/35 [12:21<01:07, 16.89s/it]                                                                                     [I 2025-10-02 11:33:07,335] Trial 241 pruned. Trial was pruned at epoch 5.
Best trial: 224. Best value: 130.342:  89%|████████▊ | 31/35 [12:35<01:07, 16.89s/it]Best trial: 224. Best value: 130.342:  89%|████████▊ | 31/35 [12:35<01:07, 16.89s/it]Best trial: 224. Best value: 130.342:  91%|█████████▏| 32/35 [12:35<00:47, 15.95s/it]                                                                                     [I 2025-10-02 11:33:21,810] Trial 242 pruned. Trial was pruned at epoch 7.
